APPLICATION	Car_Generic <insert.your.version.no> #475 (linux64-11.0)
COMPILED	yil@ipgcn1 2022-09-01 15:31:20
 
FIRST_INIT	(internal default used)	2022-09-01 15:31:28
TIME	0.000
SIM_END			0s	0m
IDLE	15:31:28
		A2:ipgcn1.1 registered
SIM_START	SF_OpenDRIVE_IPGDriver_LIDARRSI	2022-09-01 15:31:30
TIME	0.081
		Ref_Origin_GCS: 37.786336	 -122.401858	 0.000000
		Ref_Origin_Fr0: -293.330000	 0.170000	 0.000000

		Current random seed value = 1662017490
TIME	0.000
SIMULATE	SF_OpenDRIVE_IPGDriver_LIDARRSI

TIME	23.463
SIM_END		SF_OpenDRIVE_IPGDriver_LIDARRSI	23.46s	0.0138339m
SIM_START	SF_OpenDRIVE_IPGDriver_LIDARRSI	2022-09-01 15:31:58
TIME	0.074
		Ref_Origin_GCS: 37.786336	 -122.401858	 0.000000
		Ref_Origin_Fr0: -293.330000	 0.170000	 0.000000

		Current random seed value = 1662017518
TIME	0.000
SIMULATE	SF_OpenDRIVE_IPGDriver_LIDARRSI

TIME	3.069
SIM_END		SF_OpenDRIVE_IPGDriver_LIDARRSI	3.066s	0.0137903m
SHUTDOWN	CarMaker quick shutdown initiated

