APPLICATION	Car_Generic <insert.your.version.no> #582 (linux64-11.0)
COMPILED	yil@ipgcn1 2022-10-31 15:29:42
 
WARNING		/opt/ipg/etc/Licenses: Problem found in license file
		> Line 49: duplicate license ignored (previous line 41)
		> Line 65: duplicate license ignored (previous line 8)
FIRST_INIT	(internal default used)	2022-10-31 15:30:22
TIME	0.000
WARNING		RSDS: unable to connect (returns -2, Connection refused)
SIM_END			0s	0m
IDLE	15:30:22
		A2:ipgcn1.1 registered
SIM_START	SF_OpenDRIVE_IPGDriver_CameraRSI	2022-10-31 15:30:24
TIME	0.077
		Ref_Origin_GCS: 37.786336	 -122.401858	 0.000000
		Ref_Origin_Fr0: -293.330000	 0.170000	 0.000000

TIME	0.000
SIMULATE	SF_OpenDRIVE_IPGDriver_CameraRSI

TIME	100.765
SIM_END		SF_OpenDRIVE_IPGDriver_CameraRSI	100.762s	0.978588m
TIME	119.702
SIM_START	SF_OpenDRIVE_IPGDriver_CameraRSI	2022-10-31 15:35:25
TIME	0.068
		Ref_Origin_GCS: 37.786336	 -122.401858	 0.000000
		Ref_Origin_Fr0: -293.330000	 0.170000	 0.000000

TIME	0.000
SIMULATE	SF_OpenDRIVE_IPGDriver_CameraRSI

TIME	6.648
SIM_END		SF_OpenDRIVE_IPGDriver_CameraRSI	6.645s	0.847197m
TIME	9.739
SIM_START	SF_OpenDRIVE_IPGDriver_CameraRSI	2022-10-31 15:36:06
TIME	0.068
		Ref_Origin_GCS: 37.786336	 -122.401858	 0.000000
		Ref_Origin_Fr0: -293.330000	 0.170000	 0.000000

TIME	0.000
SIMULATE	SF_OpenDRIVE_IPGDriver_CameraRSI

TIME	36.595
SIM_END		SF_OpenDRIVE_IPGDriver_CameraRSI	36.59s	0.923389m
SIM_START	SF_OpenDRIVE_IPGDriver_CameraRSI	2022-10-31 15:36:54
TIME	0.068
		Ref_Origin_GCS: 37.786336	 -122.401858	 0.000000
		Ref_Origin_Fr0: -293.330000	 0.170000	 0.000000

TIME	0.000
SIMULATE	SF_OpenDRIVE_IPGDriver_CameraRSI

TIME	50.113
SIM_END		SF_OpenDRIVE_IPGDriver_CameraRSI	50.11s	0.944143m
TIME	88.886
SIM_START	SF_OpenDRIVE_IPGDriver_CameraRSI	2022-10-31 15:44:17
TIME	0.072
		Ref_Origin_GCS: 37.786336	 -122.401858	 0.000000
		Ref_Origin_Fr0: -293.330000	 0.170000	 0.000000

TIME	0.000
SIMULATE	SF_OpenDRIVE_IPGDriver_CameraRSI

TIME	73.983
SIM_END		SF_OpenDRIVE_IPGDriver_CameraRSI	73.973s	0.967016m
SHUTDOWN	CarMaker quick shutdown initiated

