APPLICATION	Car_Generic <insert.your.version.no> #468 (linux64-11.0)
COMPILED	yil@ipgcn1 2022-09-01 10:52:32
 
FIRST_INIT	(internal default used)	2022-09-01 10:56:55
TIME	0.000
SIM_END			0s	0m
IDLE	10:56:55
		A2:ipgcn1.1 registered
SIM_START	SF_OpenDRIVE_IPGDriver_LIDARRSI	2022-09-01 10:56:56
TIME	0.078
		Ref_Origin_GCS: 37.786336	 -122.401858	 0.000000
		Ref_Origin_Fr0: -293.330000	 0.170000	 0.000000

		Current random seed value = 1662001016
TIME	0.000
SIMULATE	SF_OpenDRIVE_IPGDriver_LIDARRSI

TIME	68.474
SIM_END		SF_OpenDRIVE_IPGDriver_LIDARRSI	68.471s	0.0113801m
SIM_START	SF_OpenDRIVE_IPGDriver_LIDARRSI	2022-09-01 10:58:15
TIME	0.072
		Ref_Origin_GCS: 37.786336	 -122.401858	 0.000000
		Ref_Origin_Fr0: -293.330000	 0.170000	 0.000000

		Current random seed value = 1662001095
TIME	0.000
SIMULATE	SF_OpenDRIVE_IPGDriver_LIDARRSI

