APPLICATION	Car_Generic <insert.your.version.no> #475 (linux64-11.0)
COMPILED	yil@ipgcn1 2022-09-01 15:31:20
 
FIRST_INIT	(internal default used)	2022-09-01 15:41:53
TIME	0.000
SIM_END			0s	0m
IDLE	15:41:54
		A2:ipgcn1.1 registered
SIM_START	SF_OpenDRIVE_IPGDriver_LIDARRSI	2022-09-01 15:41:54
TIME	0.094
		Ref_Origin_GCS: 37.786336	 -122.401858	 0.000000
		Ref_Origin_Fr0: -293.330000	 0.170000	 0.000000

		Current random seed value = 1662018114
TIME	0.000
SIMULATE	SF_OpenDRIVE_IPGDriver_LIDARRSI

TIME	14.148
SIM_END		SF_OpenDRIVE_IPGDriver_LIDARRSI	14.143s	33.8927m
SIM_START	SF_OpenDRIVE_IPGDriver_LIDARRSI	2022-09-01 15:42:28
TIME	0.080
		Ref_Origin_GCS: 37.786336	 -122.401858	 0.000000
		Ref_Origin_Fr0: -293.330000	 0.170000	 0.000000

		Current random seed value = 1662018148
TIME	0.000
SIMULATE	SF_OpenDRIVE_IPGDriver_LIDARRSI

TIME	34.279
SIM_END		SF_OpenDRIVE_IPGDriver_LIDARRSI	34.274s	42.7877m
TIME	39.250
SIM_START	SF_OpenDRIVE_IPGDriver_LIDARRSI	2022-09-01 15:43:59
TIME	0.078
		Ref_Origin_GCS: 37.786336	 -122.401858	 0.000000
		Ref_Origin_Fr0: -293.330000	 0.170000	 0.000000

		Current random seed value = 1662018239
TIME	0.000
SIMULATE	SF_OpenDRIVE_IPGDriver_LIDARRSI

TIME	12.708
SIM_END		SF_OpenDRIVE_IPGDriver_LIDARRSI	12.703s	11.8121m
TIME	14.891
SIM_START	SF_OpenDRIVE_IPGDriver_LIDARRSI	2022-09-01 15:44:41
TIME	0.076
		Ref_Origin_GCS: 37.786336	 -122.401858	 0.000000
		Ref_Origin_Fr0: -293.330000	 0.170000	 0.000000

		Current random seed value = 1662018281
TIME	0.000
SIMULATE	SF_OpenDRIVE_IPGDriver_LIDARRSI

TIME	182.967
SIM_END		SF_OpenDRIVE_IPGDriver_LIDARRSI	182.962s	42.5237m
TIME	191.058
SIM_START	SF_OpenDRIVE_IPGDriver_LIDARRSI	2022-09-01 15:49:14
TIME	0.076
		Ref_Origin_GCS: 37.786336	 -122.401858	 0.000000
		Ref_Origin_Fr0: -293.330000	 0.170000	 0.000000

		Current random seed value = 1662018554
TIME	0.000
SIMULATE	SF_OpenDRIVE_IPGDriver_LIDARRSI

TIME	52.080
SIM_END		SF_OpenDRIVE_IPGDriver_LIDARRSI	52.075s	48.7462m
TIME	63.009
SHUTDOWN	CarMaker quick shutdown initiated

