APPLICATION	Car_Generic <insert.your.version.no> #432 (linux64-11.0)
COMPILED	yil@ipgcn1 2022-08-30 16:44:53
 
FIRST_INIT	(internal default used)	2022-08-30 16:44:55
TIME	0.000
SIM_END			0s	0m
IDLE	16:44:56
		A2:ipgcn1.1 registered
SIM_START	SF_OpenDRIVE_IPGDriver_smallMap_test4control_turn_v1	2022-08-30 16:44:56
TIME	0.074
		Name: VehSensor_0
		SensorCycleTime: 83 ms
		Ref_Origin_GCS: 37.786336	 -122.401858	 0.000000
		Ref_Origin_Fr0: -293.330000	 0.170000	 0.000000

TIME	0.000
SIMULATE	SF_OpenDRIVE_IPGDriver_smallMap_test4control_turn_v1

SIM_END		SF_OpenDRIVE_IPGDriver_smallMap_test4control_turn_v1	1.981s	1.20823m
TIME	4.030
SIM_START	SF_OpenDRIVE_IPGDriver_smallMap_test4control_turn_v1	2022-08-30 16:45:30
TIME	0.070
		Name: VehSensor_0
		SensorCycleTime: 83 ms
		Ref_Origin_GCS: 37.786336	 -122.401858	 0.000000
		Ref_Origin_Fr0: -293.330000	 0.170000	 0.000000

TIME	0.000
SIMULATE	SF_OpenDRIVE_IPGDriver_smallMap_test4control_turn_v1

SIM_END		SF_OpenDRIVE_IPGDriver_smallMap_test4control_turn_v1	1.222s	0.0130147m
TIME	3.007
SIM_START	SF_OpenDRIVE_IPGDriver_smallMap_test4control_turn_v1	2022-08-30 16:45:58
TIME	0.070
		Name: VehSensor_0
		SensorCycleTime: 83 ms
		Ref_Origin_GCS: 37.786336	 -122.401858	 0.000000
		Ref_Origin_Fr0: -293.330000	 0.170000	 0.000000

TIME	0.000
SIMULATE	SF_OpenDRIVE_IPGDriver_smallMap_test4control_turn_v1

TIME	4.784
SIM_END		SF_OpenDRIVE_IPGDriver_smallMap_test4control_turn_v1	4.78s	0.0140594m
SIM_START	SF_OpenDRIVE_IPGDriver_smallMap_test4control_turn_v1	2022-08-30 16:46:39
TIME	0.068
		Name: VehSensor_0
		SensorCycleTime: 83 ms
		Ref_Origin_GCS: 37.786336	 -122.401858	 0.000000
		Ref_Origin_Fr0: -293.330000	 0.170000	 0.000000

TIME	0.000
SIMULATE	SF_OpenDRIVE_IPGDriver_smallMap_test4control_turn_v1

TIME	11.869
SIM_END		SF_OpenDRIVE_IPGDriver_smallMap_test4control_turn_v1	11.866s	0.877606m
SHUTDOWN	CarMaker quick shutdown initiated

