APPLICATION	Car_Generic <insert.your.version.no> #593 (linux64-11.0)
COMPILED	yil@ipgcn1 2022-11-01 15:26:27
 
WARNING		/opt/ipg/etc/Licenses: Problem found in license file
		> Line 49: duplicate license ignored (previous line 41)
		> Line 65: duplicate license ignored (previous line 8)
FIRST_INIT	(internal default used)	2022-11-01 18:38:45
TIME	0.000
SIM_END			0s	0m
IDLE	18:38:46
SIM_START	SF_OpenDRIVE_IPGDriver_CameraRSI	2022-11-01 18:38:46
TIME	0.077
		Ref_Origin_GCS: 37.786336	 -122.401858	 0.000000
		Ref_Origin_Fr0: -293.330000	 0.170000	 0.000000

TIME	0.000
SIMULATE	SF_OpenDRIVE_IPGDriver_CameraRSI

TIME	204.129
SIM_END		SF_OpenDRIVE_IPGDriver_CameraRSI	204.126s	0.984127m
TIME	206.134
SIM_START	SF_OpenDRIVE_IPGDriver_CameraRSI	2022-11-01 18:42:31
TIME	0.068
		Ref_Origin_GCS: 37.786336	 -122.401858	 0.000000
		Ref_Origin_Fr0: -293.330000	 0.170000	 0.000000

TIME	0.000
SIMULATE	SF_OpenDRIVE_IPGDriver_CameraRSI

TIME	4.173
SIM_END		SF_OpenDRIVE_IPGDriver_CameraRSI	4.17s	0.838163m
TIME	6.556
SIM_START	SF_OpenDRIVE_IPGDriver_CameraRSI	2022-11-01 18:43:01
TIME	0.068
		Ref_Origin_GCS: 37.786336	 -122.401858	 0.000000
		Ref_Origin_Fr0: -293.330000	 0.170000	 0.000000

TIME	0.000
SIMULATE	SF_OpenDRIVE_IPGDriver_CameraRSI

TIME	270.748
SIM_END		SF_OpenDRIVE_IPGDriver_CameraRSI	270.745s	0.984162m
TIME	313.627
SIM_START	SF_OpenDRIVE_IPGDriver_CameraRSI	2022-11-01 18:54:41
TIME	0.070
		Ref_Origin_GCS: 37.786336	 -122.401858	 0.000000
		Ref_Origin_Fr0: -293.330000	 0.170000	 0.000000

TIME	0.000
SIMULATE	SF_OpenDRIVE_IPGDriver_CameraRSI

TIME	104.385
SIM_END		SF_OpenDRIVE_IPGDriver_CameraRSI	104.382s	0.979429m
TIME	106.390
SIM_START	SF_OpenDRIVE_IPGDriver_CameraRSI	2022-11-01 18:56:47
TIME	0.068
		Ref_Origin_GCS: 37.786336	 -122.401858	 0.000000
		Ref_Origin_Fr0: -293.330000	 0.170000	 0.000000

TIME	0.000
SIMULATE	SF_OpenDRIVE_IPGDriver_CameraRSI

TIME	177.867
SIM_END		SF_OpenDRIVE_IPGDriver_CameraRSI	177.864s	0.984028m
TIME	182.756
SIM_START	SF_OpenDRIVE_IPGDriver_CameraRSI	2022-11-01 19:00:34
TIME	0.072
		Ref_Origin_GCS: 37.786336	 -122.401858	 0.000000
		Ref_Origin_Fr0: -293.330000	 0.170000	 0.000000

TIME	0.000
SIMULATE	SF_OpenDRIVE_IPGDriver_CameraRSI

TIME	151.175
SIM_END		SF_OpenDRIVE_IPGDriver_CameraRSI	151.17s	0.983659m
SHUTDOWN	CarMaker quick shutdown initiated

