APPLICATION	Car_Generic <insert.your.version.no> #479 (linux64-11.0)
COMPILED	yil@ipgcn1 2022-09-01 16:05:37
 
FIRST_INIT	(internal default used)	2022-09-01 17:56:52
TIME	0.000
SIM_END			0s	0m
IDLE	17:56:52
		A2:ipgcn1.1 registered
SIM_START	SF_OpenDRIVE_IPGDriver_LIDARRSI	2022-09-01 17:56:53
TIME	0.072
		Ref_Origin_GCS: 37.786336	 -122.401858	 0.000000
		Ref_Origin_Fr0: -293.330000	 0.170000	 0.000000

		Current random seed value = 1662026213
TIME	0.000
SIMULATE	SF_OpenDRIVE_IPGDriver_LIDARRSI

TIME	5.677
SIM_END		SF_OpenDRIVE_IPGDriver_LIDARRSI	5.672s	5.14887m
SIM_START	SF_OpenDRIVE_IPGDriver_LIDARRSI	2022-09-01 17:57:12
TIME	0.070
		Ref_Origin_GCS: 37.786336	 -122.401858	 0.000000
		Ref_Origin_Fr0: -293.330000	 0.170000	 0.000000

		Current random seed value = 1662026232
TIME	0.000
SIMULATE	SF_OpenDRIVE_IPGDriver_LIDARRSI

TIME	43.533
WARNING		ObjectByLane Sensor 'IPGDriver': POI is on a junction but not within bounds of the driving path. No information about objects can be collected outside the bounds. IPGDriver may not work correctly in this case.
TIME	49.540
SIM_END		SF_OpenDRIVE_IPGDriver_LIDARRSI	49.535s	89.6474m
SIM_START	SF_OpenDRIVE_IPGDriver_LIDARRSI	2022-09-01 17:58:19
TIME	0.070
		Ref_Origin_GCS: 37.786336	 -122.401858	 0.000000
		Ref_Origin_Fr0: -293.330000	 0.170000	 0.000000

		Current random seed value = 1662026299
TIME	0.000
SIMULATE	SF_OpenDRIVE_IPGDriver_LIDARRSI

TIME	85.785
WARNING		ObjectByLane Sensor 'IPGDriver': POI is on a junction but not within bounds of the driving path. No information about objects can be collected outside the bounds. IPGDriver may not work correctly in this case.
TIME	679.027
SIM_END		SF_OpenDRIVE_IPGDriver_LIDARRSI	679.022s	110.144m
SIM_START	SF_OpenDRIVE_IPGDriver_LIDARRSI	2022-09-01 18:09:44
TIME	0.078
		Ref_Origin_GCS: 37.786336	 -122.401858	 0.000000
		Ref_Origin_Fr0: -293.330000	 0.170000	 0.000000

		Current random seed value = 1662026984
TIME	0.000
SIMULATE	SF_OpenDRIVE_IPGDriver_LIDARRSI

TIME	3.916
ERROR		Embedded FARoadSensor Geo:  xyz (-111.01 -11.07 10.29) not found on Road
SIM_ABORT	SF_OpenDRIVE_IPGDriver_LIDARRSI	3.916s	13.1339m
SIM_START	SF_OpenDRIVE_IPGDriver_LIDARRSI	2022-09-01 18:10:05
TIME	0.074
		Ref_Origin_GCS: 37.786336	 -122.401858	 0.000000
		Ref_Origin_Fr0: -293.330000	 0.170000	 0.000000

		Current random seed value = 1662027005
TIME	0.000
SIMULATE	SF_OpenDRIVE_IPGDriver_LIDARRSI

TIME	3.470
ERROR		Embedded FARoadSensor Geo:  xyz (-111.01 -11.25 10.27) not found on Road
SIM_ABORT	SF_OpenDRIVE_IPGDriver_LIDARRSI	3.47s	13.3377m
SIM_START	SF_OpenDRIVE_IPGDriver_LIDARRSI	2022-09-01 18:10:28
TIME	0.074
		Ref_Origin_GCS: 37.786336	 -122.401858	 0.000000
		Ref_Origin_Fr0: -293.330000	 0.170000	 0.000000

		Current random seed value = 1662027028
TIME	0.000
SIMULATE	SF_OpenDRIVE_IPGDriver_LIDARRSI

TIME	3.468
ERROR		Embedded FARoadSensor Geo:  xyz (-111.01 -11.19 10.29) not found on Road
SIM_ABORT	SF_OpenDRIVE_IPGDriver_LIDARRSI	3.468s	13.2549m
TIME	5.772
SIM_START	SF_OpenDRIVE_IPGDriver_LIDARRSI	2022-09-01 18:10:59
TIME	0.072
		Ref_Origin_GCS: 37.786336	 -122.401858	 0.000000
		Ref_Origin_Fr0: -293.330000	 0.170000	 0.000000

		Current random seed value = 1662027059
TIME	0.000
SIMULATE	SF_OpenDRIVE_IPGDriver_LIDARRSI

TIME	712.526
SHUTDOWN	CarMaker quick shutdown initiated

SIM_END		SF_OpenDRIVE_IPGDriver_LIDARRSI	712.526s	0.984163m
