APPLICATION	Car_Generic <insert.your.version.no> #608 (linux64-11.0)
COMPILED	yil@ipgcn1 2023-06-29 16:11:01
 
FIRST_INIT	(internal default used)	2023-06-29 16:11:15
TIME	0.000
SIM_END			0s	0m
IDLE	16:11:16
SIM_START	SF_OpenDRIVE_IPGDriver_LIDARRSI	2023-06-29 16:11:17
TIME	0.070
		Ref_Origin_GCS: 37.786336	 -122.401858	 0.000000
		Ref_Origin_Fr0: -293.330000	 0.170000	 0.000000

		Current random seed value = 1688026277
TIME	0.000
SIMULATE	SF_OpenDRIVE_IPGDriver_LIDARRSI

WARNING		RSDS: unable to connect (returns -2, No route to host)
TIME	3.043
WARNING		RSDS: unable to connect (returns -2, No route to host)
TIME	5.267
SIM_END		SF_OpenDRIVE_IPGDriver_LIDARRSI	5.262s	0.842224m
TIME	11.110
SHUTDOWN	CarMaker quick shutdown initiated

