APPLICATION	Car_Generic <insert.your.version.no> #521 (linux64-11.0)
COMPILED	yil@ipgcn1 2022-10-25 16:24:06
 
WARNING		/opt/ipg/etc/Licenses: Problem found in license file
		> Line 49: duplicate license ignored (previous line 41)
		> Line 65: duplicate license ignored (previous line 8)
FIRST_INIT	(internal default used)	2022-10-25 16:24:46
TIME	0.000
SIM_END			0s	0m
IDLE	16:24:46
		A2:ipgcn1.1 registered
SIM_START	SF_OpenDRIVE_IPGDriver_LIDARANDRADAR	2022-10-25 16:24:47
TIME	0.078
		Ref_Origin_GCS: 37.786336	 -122.401858	 0.000000
		Ref_Origin_Fr0: -293.330000	 0.170000	 0.000000

		Current random seed value = 1666686287
TIME	0.000
SIMULATE	SF_OpenDRIVE_IPGDriver_LIDARANDRADAR

TIME	187.163
SIM_END		SF_OpenDRIVE_IPGDriver_LIDARANDRADAR	187.158s	0.0774636m
SIM_START	SF_OpenDRIVE_IPGDriver_LIDARANDRADAR	2022-10-25 16:28:06
TIME	0.076
		Ref_Origin_GCS: 37.786336	 -122.401858	 0.000000
		Ref_Origin_Fr0: -293.330000	 0.170000	 0.000000

		Current random seed value = 1666686486
TIME	0.000
SIMULATE	SF_OpenDRIVE_IPGDriver_LIDARANDRADAR

TIME	62.205
SIM_END		SF_OpenDRIVE_IPGDriver_LIDARANDRADAR	62.199s	22.3047m
