APPLICATION	Car_Generic <insert.your.version.no> #450 (linux64-11.0)
COMPILED	yil@ipgcn1 2022-08-30 17:22:21
 
FIRST_INIT	(internal default used)	2022-08-30 17:45:33
TIME	0.000
SIM_END			0s	0m
IDLE	17:45:33
		A2:ipgcn1.1 registered
SIM_START	SF_OpenDRIVE_IPGDriver_smallMap_test4control_turn_v1	2022-08-30 17:45:34
TIME	0.074
		Name: VehSensor_0
		SensorCycleTime: 83 ms
		Ref_Origin_GCS: 37.786336	 -122.401858	 0.000000
		Ref_Origin_Fr0: -293.330000	 0.170000	 0.000000

TIME	0.000
SIMULATE	SF_OpenDRIVE_IPGDriver_smallMap_test4control_turn_v1

TIME	39.672
SIM_END		SF_OpenDRIVE_IPGDriver_smallMap_test4control_turn_v1	39.662s	70.1781m
TIME	44.910
SIM_START	SF_OpenDRIVE_IPGDriver_smallMap_test4control_turn_v1	2022-08-30 17:47:42
TIME	0.074
		Name: VehSensor_0
		SensorCycleTime: 83 ms
		Ref_Origin_GCS: 37.786336	 -122.401858	 0.000000
		Ref_Origin_Fr0: -293.330000	 0.170000	 0.000000

TIME	0.000
SIMULATE	SF_OpenDRIVE_IPGDriver_smallMap_test4control_turn_v1

TIME	8.147
SIM_END		SF_OpenDRIVE_IPGDriver_smallMap_test4control_turn_v1	8.137s	0.0137384m
