APPLICATION	Car_Generic <insert.your.version.no> #511 (linux64-11.0)
COMPILED	yil@ipgcn1 2022-10-24 18:35:07
 
WARNING		/opt/ipg/etc/Licenses: Problem found in license file
		> Line 49: duplicate license ignored (previous line 41)
		> Line 65: duplicate license ignored (previous line 8)
FIRST_INIT	(internal default used)	2022-10-24 18:41:38
TIME	0.000
SIM_END			0s	0m
IDLE	18:41:39
SIM_START	CM_WITH_APOLLO_RADARSENSOR	2022-10-24 18:41:40
TIME	0.077
		Ref_Origin_GCS: 37.786336	 -122.401858	 0.000000
		Ref_Origin_Fr0: -293.330000	 0.170000	 0.000000

		Current random seed value = 1666608100
TIME	0.000
SIMULATE	CM_WITH_APOLLO_RADARSENSOR

SIM_END		CM_WITH_APOLLO_RADARSENSOR	1.617s	0.826927m
TIME	2.522
SIM_START	CM_WITH_APOLLO_RADARSENSOR	2022-10-24 18:41:52
TIME	0.068
		Ref_Origin_GCS: 37.786336	 -122.401858	 0.000000
		Ref_Origin_Fr0: -293.330000	 0.170000	 0.000000

		Current random seed value = 1666608112
TIME	0.000
SIMULATE	CM_WITH_APOLLO_RADARSENSOR

SIM_END		CM_WITH_APOLLO_RADARSENSOR	0.704s	0.438501m
TIME	2.797
SIM_START	CM_WITH_APOLLO_RADARSENSOR	2022-10-24 18:42:15
TIME	0.074
		Ref_Origin_GCS: 37.786336	 -122.401858	 0.000000
		Ref_Origin_Fr0: -293.330000	 0.170000	 0.000000

		Current random seed value = 1666608135
TIME	0.000
SIMULATE	CM_WITH_APOLLO_RADARSENSOR

TIME	19.373
SIM_END		CM_WITH_APOLLO_RADARSENSOR	19.363s	0.885848m
SIM_START	CM_WITH_APOLLO_RADARSENSOR	2022-10-24 18:42:42
TIME	0.081
		Ref_Origin_GCS: 37.786336	 -122.401858	 0.000000
		Ref_Origin_Fr0: -293.330000	 0.170000	 0.000000

		Current random seed value = 1666608162
TIME	0.000
SIMULATE	CM_WITH_APOLLO_RADARSENSOR

TIME	6.437
SIM_END		CM_WITH_APOLLO_RADARSENSOR	6.427s	0.846425m
SHUTDOWN	CarMaker quick shutdown initiated

