APPLICATION	Car_Generic <insert.your.version.no> #472 (linux64-11.0)
COMPILED	yil@ipgcn1 2022-09-01 15:06:36
 
FIRST_INIT	(internal default used)	2022-09-01 15:20:30
TIME	0.000
SIM_END			0s	0m
IDLE	15:20:31
		A2:ipgcn1.1 registered
SIM_START	SF_OpenDRIVE_IPGDriver_LIDARRSI	2022-09-01 15:20:32
TIME	0.078
		Ref_Origin_GCS: 37.786336	 -122.401858	 0.000000
		Ref_Origin_Fr0: -293.330000	 0.170000	 0.000000

		Current random seed value = 1662016832
TIME	0.000
SIMULATE	SF_OpenDRIVE_IPGDriver_LIDARRSI

TIME	11.244
SIM_END		SF_OpenDRIVE_IPGDriver_LIDARRSI	11.239s	0.875597m
SIM_START	SF_OpenDRIVE_IPGDriver_LIDARRSI	2022-09-01 15:20:52
TIME	0.074
		Ref_Origin_GCS: 37.786336	 -122.401858	 0.000000
		Ref_Origin_Fr0: -293.330000	 0.170000	 0.000000

		Current random seed value = 1662016852
TIME	0.000
SIMULATE	SF_OpenDRIVE_IPGDriver_LIDARRSI

TIME	2.278
SIM_END		SF_OpenDRIVE_IPGDriver_LIDARRSI	2.273s	0.124144m
TIME	5.775
SHUTDOWN	CarMaker quick shutdown initiated

