APPLICATION	Car_Generic <insert.your.version.no> #526 (linux64-11.0)
COMPILED	yil@ipgcn1 2022-10-25 17:27:45
 
WARNING		/opt/ipg/etc/Licenses: Problem found in license file
		> Line 49: duplicate license ignored (previous line 41)
		> Line 65: duplicate license ignored (previous line 8)
FIRST_INIT	(internal default used)	2022-10-26 10:44:01
TIME	0.000
SIM_END			0s	0m
IDLE	10:44:02
		A2:ipgcn1.1 registered
SIM_START	SF_OpenDRIVE_IPGDriver_LIDARANDRADAR	2022-10-26 10:44:03
TIME	0.072
		Ref_Origin_GCS: 37.786336	 -122.401858	 0.000000
		Ref_Origin_Fr0: -293.330000	 0.170000	 0.000000

		Current random seed value = 1666752243
TIME	2.682
SIM_END		SF_OpenDRIVE_IPGDriver_LIDARANDRADAR	0s	0m
TIME	4.793
WARNING		Sending connect request failed.
WARNING		Could not connect to ipgcn1:11021
		Connection to GUI lost, initiate shutdown
SHUTDOWN	Automatic CarMaker shutdown initiated

