APPLICATION	Car_Generic <insert.your.version.no> #614 (linux64-11.0)
COMPILED	yil@ipgcn1 2023-06-29 16:43:41
 
FIRST_INIT	(internal default used)	2023-06-29 16:50:30
TIME	0.000
SIM_END			0s	0m
IDLE	16:50:31
		A3:ipgcn1.1 registered
SIM_START	SF_OpenDRIVE_IPGDriver_CameraRSI	2023-06-29 16:50:32
TIME	0.068
		Ref_Origin_GCS: 37.786336	 -122.401858	 0.000000
		Ref_Origin_Fr0: -293.330000	 0.170000	 0.000000

TIME	0.000
SIMULATE	SF_OpenDRIVE_IPGDriver_CameraRSI

TIME	624.361
SIM_END		SF_OpenDRIVE_IPGDriver_CameraRSI	624.356s	0.645838m
SIM_START	SF_OpenDRIVE_IPGDriver_CameraRSI	2023-06-29 17:01:01
TIME	0.068
		Ref_Origin_GCS: 37.786336	 -122.401858	 0.000000
		Ref_Origin_Fr0: -293.330000	 0.170000	 0.000000

TIME	0.000
SIMULATE	SF_OpenDRIVE_IPGDriver_CameraRSI

TIME	312.601
SIM_END		SF_OpenDRIVE_IPGDriver_CameraRSI	312.596s	0.0137588m
TIME	324.944
SIM_START	SF_OpenDRIVE_IPGDriver_CameraRSI	2023-06-29 17:08:21
TIME	0.068
		Ref_Origin_GCS: 37.786336	 -122.401858	 0.000000
		Ref_Origin_Fr0: -293.330000	 0.170000	 0.000000

TIME	0.000
SIMULATE	SF_OpenDRIVE_IPGDriver_CameraRSI

TIME	84.447
SIM_END		SF_OpenDRIVE_IPGDriver_CameraRSI	84.442s	0.0137585m
TIME	147.436
SIM_START	SF_OpenDRIVE_IPGDriver_CameraRSI	2023-06-29 17:20:19
TIME	0.068
		Ref_Origin_GCS: 37.786336	 -122.401858	 0.000000
		Ref_Origin_Fr0: -293.330000	 0.170000	 0.000000

TIME	0.000
SIMULATE	SF_OpenDRIVE_IPGDriver_CameraRSI

TIME	4.187
SIM_END		SF_OpenDRIVE_IPGDriver_CameraRSI	4.182s	0.0137334m
SHUTDOWN	CarMaker quick shutdown initiated

