APPLICATION	Car_Generic <insert.your.version.no> #542 (linux64-11.0)
COMPILED	yil@ipgcn1 2022-10-27 17:10:50
 
WARNING		/opt/ipg/etc/Licenses: Problem found in license file
		> Line 49: duplicate license ignored (previous line 41)
		> Line 65: duplicate license ignored (previous line 8)
FIRST_INIT	(internal default used)	2022-10-27 17:32:40
TIME	0.000
WARNING		RSDS: unable to connect (returns -2, Connection refused)
SIM_END			0s	0m
IDLE	17:32:40
		A2:ipgcn1.1 registered
		A3:ipgcn1.2 registered
SIM_START	SF_OpenDRIVE_IPGDriver_CameraRSI	2022-10-27 17:32:41
TIME	0.071
		Ref_Origin_GCS: 37.786336	 -122.401858	 0.000000
		Ref_Origin_Fr0: -293.330000	 0.170000	 0.000000

		Current random seed value = 1666863161
TIME	0.000
SIMULATE	SF_OpenDRIVE_IPGDriver_CameraRSI

TIME	2.351
SIM_END		SF_OpenDRIVE_IPGDriver_CameraRSI	2.348s	0.8311m
SHUTDOWN	CarMaker quick shutdown initiated

