APPLICATION	Car_Generic <insert.your.version.no> #475 (linux64-11.0)
COMPILED	yil@ipgcn1 2022-09-01 15:31:20
 
FIRST_INIT	(internal default used)	2022-09-01 15:33:19
TIME	0.000
SIM_END			0s	0m
IDLE	15:33:20
		A2:ipgcn1.1 registered
SIM_START	SF_OpenDRIVE_IPGDriver_LIDARRSI	2022-09-01 15:33:22
TIME	0.079
		Ref_Origin_GCS: 37.786336	 -122.401858	 0.000000
		Ref_Origin_Fr0: -293.330000	 0.170000	 0.000000

		Current random seed value = 1662017602
TIME	0.000
SIMULATE	SF_OpenDRIVE_IPGDriver_LIDARRSI

TIME	17.569
SIM_END		SF_OpenDRIVE_IPGDriver_LIDARRSI	17.566s	0.894582m
SIM_START	SF_OpenDRIVE_IPGDriver_LIDARRSI	2022-09-01 15:33:45
TIME	0.070
		Ref_Origin_GCS: 37.786336	 -122.401858	 0.000000
		Ref_Origin_Fr0: -293.330000	 0.170000	 0.000000

		Current random seed value = 1662017625
TIME	0.000
SIMULATE	SF_OpenDRIVE_IPGDriver_LIDARRSI

TIME	95.307
SIM_END		SF_OpenDRIVE_IPGDriver_LIDARRSI	95.302s	0.993443m
SIM_START	SF_OpenDRIVE_IPGDriver_LIDARRSI	2022-09-01 15:35:27
TIME	0.078
		Ref_Origin_GCS: 37.786336	 -122.401858	 0.000000
		Ref_Origin_Fr0: -293.330000	 0.170000	 0.000000

		Current random seed value = 1662017727
TIME	0.000
SIMULATE	SF_OpenDRIVE_IPGDriver_LIDARRSI

TIME	323.328
SIM_END		SF_OpenDRIVE_IPGDriver_LIDARRSI	323.323s	42.7392m
TIME	326.263
SIM_START	SF_OpenDRIVE_IPGDriver_LIDARRSI	2022-09-01 15:41:27
TIME	0.078
		Ref_Origin_GCS: 37.786336	 -122.401858	 0.000000
		Ref_Origin_Fr0: -293.330000	 0.170000	 0.000000

		Current random seed value = 1662018087
TIME	0.000
SIMULATE	SF_OpenDRIVE_IPGDriver_LIDARRSI

TIME	13.698
SIM_END		SF_OpenDRIVE_IPGDriver_LIDARRSI	13.693s	12.7202m
SHUTDOWN	CarMaker quick shutdown initiated

