APPLICATION	Car_Generic <insert.your.version.no> #581 (linux64-11.0)
COMPILED	yil@ipgcn1 2022-10-31 14:45:17
 
WARNING		/opt/ipg/etc/Licenses: Problem found in license file
		> Line 49: duplicate license ignored (previous line 41)
		> Line 65: duplicate license ignored (previous line 8)
FIRST_INIT	(internal default used)	2022-10-31 15:04:36
TIME	0.000
WARNING		RSDS: unable to connect (returns -2, Connection refused)
SIM_END			0s	0m
IDLE	15:04:36
		A2:ipgcn1.1 registered
SIM_START	SF_OpenDRIVE_IPGDriver_CameraRSI	2022-10-31 15:04:37
TIME	0.076
		Ref_Origin_GCS: 37.786336	 -122.401858	 0.000000
		Ref_Origin_Fr0: -293.330000	 0.170000	 0.000000

TIME	0.000
SIMULATE	SF_OpenDRIVE_IPGDriver_CameraRSI

TIME	34.592
SIM_END		SF_OpenDRIVE_IPGDriver_CameraRSI	34.589s	0.919726m
TIME	179.105
SHUTDOWN	CarMaker quick shutdown initiated

