APPLICATION	Car_Generic <insert.your.version.no> #533 (linux64-11.0)
COMPILED	yil@ipgcn1 2022-10-26 15:30:11
 
WARNING		/opt/ipg/etc/Licenses: Problem found in license file
		> Line 49: duplicate license ignored (previous line 41)
		> Line 65: duplicate license ignored (previous line 8)
FIRST_INIT	(internal default used)	2022-10-26 15:30:33
TIME	0.000
SIM_END			0s	0m
IDLE	15:30:33
		A2:ipgcn1.1 registered
SIM_START	SF_OpenDRIVE_IPGDriver_LIDARANDRADAR	2022-10-26 15:30:34
TIME	0.079
		Ref_Origin_GCS: 37.786336	 -122.401858	 0.000000
		Ref_Origin_Fr0: -293.330000	 0.170000	 0.000000

		Current random seed value = 1666769434
SIM_END		SF_OpenDRIVE_IPGDriver_LIDARANDRADAR	0s	0m
SIM_START	SF_OpenDRIVE_IPGDriver_LIDARANDRADAR	2022-10-26 15:30:46
TIME	0.072
		Ref_Origin_GCS: 37.786336	 -122.401858	 0.000000
		Ref_Origin_Fr0: -293.330000	 0.170000	 0.000000

		Current random seed value = 1666769446
TIME	0.000
SIMULATE	SF_OpenDRIVE_IPGDriver_LIDARANDRADAR

TIME	96.250
SIM_END		SF_OpenDRIVE_IPGDriver_LIDARANDRADAR	96.24s	0.977348m
