APPLICATION	Car_Generic <insert.your.version.no> #526 (linux64-11.0)
COMPILED	yil@ipgcn1 2022-10-25 17:27:45
 
WARNING		/opt/ipg/etc/Licenses: Problem found in license file
		> Line 49: duplicate license ignored (previous line 41)
		> Line 65: duplicate license ignored (previous line 8)
FIRST_INIT	(internal default used)	2022-10-25 17:33:14
TIME	0.000
SIM_END			0s	0m
IDLE	17:33:14
		A2:ipgcn1.1 registered
SIM_START	SF_OpenDRIVE_IPGDriver_LIDARANDRADAR	2022-10-25 17:33:15
TIME	0.072
		Ref_Origin_GCS: 37.786336	 -122.401858	 0.000000
		Ref_Origin_Fr0: -293.330000	 0.170000	 0.000000

		Current random seed value = 1666690395
TIME	0.000
SIMULATE	SF_OpenDRIVE_IPGDriver_LIDARANDRADAR

TIME	28.692
SIM_END		SF_OpenDRIVE_IPGDriver_LIDARANDRADAR	28.689s	47.397m
TIME	54.701
SIM_START	SF_OpenDRIVE_IPGDriver_LIDARANDRADAR	2022-10-25 17:38:09
TIME	0.072
		Ref_Origin_GCS: 37.786336	 -122.401858	 0.000000
		Ref_Origin_Fr0: -293.330000	 0.170000	 0.000000

		Current random seed value = 1666690689
TIME	0.000
SIMULATE	SF_OpenDRIVE_IPGDriver_LIDARANDRADAR

SIM_END		SF_OpenDRIVE_IPGDriver_LIDARANDRADAR	0.961s	0.650622m
TIME	31.037
SIM_START	SF_OpenDRIVE_IPGDriver_LIDARANDRADAR	2022-10-25 17:43:14
TIME	0.072
		Ref_Origin_GCS: 37.786336	 -122.401858	 0.000000
		Ref_Origin_Fr0: -293.330000	 0.170000	 0.000000

		Current random seed value = 1666690994
TIME	0.000
SIMULATE	SF_OpenDRIVE_IPGDriver_LIDARANDRADAR

TIME	10.230
SIM_END		SF_OpenDRIVE_IPGDriver_LIDARANDRADAR	10.227s	41.1689m
TIME	18.205
SIM_START	SF_OpenDRIVE_IPGDriver_LIDARANDRADAR	2022-10-25 17:44:48
TIME	0.072
		Ref_Origin_GCS: 37.786336	 -122.401858	 0.000000
		Ref_Origin_Fr0: -293.330000	 0.170000	 0.000000

		Current random seed value = 1666691088
TIME	0.000
SIMULATE	SF_OpenDRIVE_IPGDriver_LIDARANDRADAR

TIME	6.332
SIM_END		SF_OpenDRIVE_IPGDriver_LIDARANDRADAR	6.327s	26.8037m
TIME	30.455
SIM_START	SF_OpenDRIVE_IPGDriver_LIDARANDRADAR	2022-10-25 17:49:01
TIME	0.072
		Ref_Origin_GCS: 37.786336	 -122.401858	 0.000000
		Ref_Origin_Fr0: -293.330000	 0.170000	 0.000000

		Current random seed value = 1666691341
SIM_END		SF_OpenDRIVE_IPGDriver_LIDARANDRADAR	0s	0m
TIME	6.441
SHUTDOWN	CarMaker quick shutdown initiated

