APPLICATION	Car_Generic <insert.your.version.no> #589 (linux64-11.0)
COMPILED	yil@ipgcn1 2022-11-01 11:13:19
 
WARNING		/opt/ipg/etc/Licenses: Problem found in license file
		> Line 49: duplicate license ignored (previous line 41)
		> Line 65: duplicate license ignored (previous line 8)
FIRST_INIT	(internal default used)	2022-11-01 11:13:34
TIME	0.000
SIM_END			0s	0m
IDLE	11:13:34
SIM_START	SF_OpenDRIVE_IPGDriver_CameraRSI	2022-11-01 11:13:34
TIME	0.077
		Ref_Origin_GCS: 37.786336	 -122.401858	 0.000000
		Ref_Origin_Fr0: -293.330000	 0.170000	 0.000000

TIME	0.000
SIMULATE	SF_OpenDRIVE_IPGDriver_CameraRSI

TIME	295.863
SIM_END		SF_OpenDRIVE_IPGDriver_CameraRSI	295.86s	0.984163m
TIME	316.106
SIM_START	SF_OpenDRIVE_IPGDriver_CameraRSI	2022-11-01 11:21:54
TIME	0.082
		Ref_Origin_GCS: 37.786336	 -122.401858	 0.000000
		Ref_Origin_Fr0: -293.330000	 0.170000	 0.000000

TIME	0.000
SIMULATE	SF_OpenDRIVE_IPGDriver_CameraRSI

TIME	15.503
SIM_END		SF_OpenDRIVE_IPGDriver_CameraRSI	15.5s	0.875287m
SIM_START	SF_OpenDRIVE_IPGDriver_CameraRSI	2022-11-01 11:22:24
TIME	0.068
		Ref_Origin_GCS: 37.786336	 -122.401858	 0.000000
		Ref_Origin_Fr0: -293.330000	 0.170000	 0.000000

TIME	0.000
SIMULATE	SF_OpenDRIVE_IPGDriver_CameraRSI

TIME	14.771
SIM_END		SF_OpenDRIVE_IPGDriver_CameraRSI	14.768s	0.873181m
SHUTDOWN	CarMaker quick shutdown initiated

