APPLICATION	Car_Generic <insert.your.version.no> #624 (linux64-11.0)
COMPILED	yil@ipgcn1 2023-06-30 17:48:27
 
FIRST_INIT	(internal default used)	2023-07-03 10:50:12
TIME	0.000
SIM_END			0s	0m
IDLE	10:50:12
		A2:ipgcn1.1 registered
SIM_START	SF_OpenDRIVE_IPGDriver_LIDARANDRADAR	2023-07-03 10:50:14
TIME	0.075
		Ref_Origin_GCS: 37.786336	 -122.401858	 0.000000
		Ref_Origin_Fr0: -293.330000	 0.170000	 0.000000

		Current random seed value = 1688352614
TIME	0.000
SIMULATE	SF_OpenDRIVE_IPGDriver_LIDARANDRADAR

TIME	147.729
SIM_END		SF_OpenDRIVE_IPGDriver_LIDARANDRADAR	147.726s	0.983566m
TIME	160.582
SIM_START	SF_OpenDRIVE_IPGDriver_LIDARANDRADAR	2023-07-03 10:54:54
TIME	0.068
		Ref_Origin_GCS: 37.786336	 -122.401858	 0.000000
		Ref_Origin_Fr0: -293.330000	 0.170000	 0.000000

		Current random seed value = 1688352894
TIME	0.000
SIMULATE	SF_OpenDRIVE_IPGDriver_LIDARANDRADAR

TIME	6.516
SIM_END		SF_OpenDRIVE_IPGDriver_LIDARANDRADAR	6.508s	0.846712m
TIME	12.655
SHUTDOWN	CarMaker quick shutdown initiated

