APPLICATION	Car_Generic <insert.your.version.no> #456 (linux64-11.0)
COMPILED	yil@ipgcn1 2022-08-31 14:21:15
 
FIRST_INIT	(internal default used)	2022-08-31 14:31:47
TIME	0.000
SIM_END			0s	0m
IDLE	14:31:47
		A2:ipgcn1.1 registered
SIM_START	SF_OpenDRIVE_IPGDriver_LIDARRSI	2022-08-31 14:31:56
TIME	0.077
		Ref_Origin_GCS: 37.786336	 -122.401858	 0.000000
		Ref_Origin_Fr0: -293.330000	 0.170000	 0.000000

		Current random seed value = 1661927516
TIME	0.000
SIMULATE	SF_OpenDRIVE_IPGDriver_LIDARRSI

TIME	30.812
SIM_END		SF_OpenDRIVE_IPGDriver_LIDARRSI	30.804s	0.926623m
TIME	33.159
SIM_START	SF_OpenDRIVE_IPGDriver_LIDARRSI	2022-08-31 14:33:03
TIME	0.068
		Ref_Origin_GCS: 37.786336	 -122.401858	 0.000000
		Ref_Origin_Fr0: -293.330000	 0.170000	 0.000000

		Current random seed value = 1661927583
TIME	0.000
SIMULATE	SF_OpenDRIVE_IPGDriver_LIDARRSI

TIME	26.226
SIM_END		SF_OpenDRIVE_IPGDriver_LIDARRSI	26.221s	0.916561m
SIM_START	SF_OpenDRIVE_IPGDriver_LIDARRSI	2022-08-31 14:33:41
TIME	0.068
		Ref_Origin_GCS: 37.786336	 -122.401858	 0.000000
		Ref_Origin_Fr0: -293.330000	 0.170000	 0.000000

		Current random seed value = 1661927621
TIME	0.000
SIMULATE	SF_OpenDRIVE_IPGDriver_LIDARRSI

TIME	12.952
SIM_END		SF_OpenDRIVE_IPGDriver_LIDARRSI	12.942s	0.880984m
TIME	16.271
SIM_START	SF_OpenDRIVE_IPGDriver_LIDARRSI	2022-08-31 14:34:35
TIME	0.068
		Ref_Origin_GCS: 37.786336	 -122.401858	 0.000000
		Ref_Origin_Fr0: -293.330000	 0.170000	 0.000000

		Current random seed value = 1661927675
TIME	0.000
SIMULATE	SF_OpenDRIVE_IPGDriver_LIDARRSI

TIME	13.995
SIM_END		SF_OpenDRIVE_IPGDriver_LIDARRSI	13.992s	0.8842m
TIME	18.800
SHUTDOWN	CarMaker quick shutdown initiated

