APPLICATION	Car_Generic <insert.your.version.no> #528 (linux64-11.0)
COMPILED	yil@ipgcn1 2022-10-26 14:17:44
 
WARNING		/opt/ipg/etc/Licenses: Problem found in license file
		> Line 49: duplicate license ignored (previous line 41)
		> Line 65: duplicate license ignored (previous line 8)
FIRST_INIT	(internal default used)	2022-10-26 14:28:19
TIME	0.000
SIM_END			0s	0m
IDLE	14:28:19
		A2:ipgcn1.1 registered
SIM_START	SF_OpenDRIVE_IPGDriver_LIDARANDRADAR	2022-10-26 14:28:21
TIME	0.078
		Ref_Origin_GCS: 37.786336	 -122.401858	 0.000000
		Ref_Origin_Fr0: -293.330000	 0.170000	 0.000000

		Current random seed value = 1666765701
TIME	0.000
SIMULATE	SF_OpenDRIVE_IPGDriver_LIDARANDRADAR

TIME	4.859
SIM_END		SF_OpenDRIVE_IPGDriver_LIDARANDRADAR	4.849s	0.840702m
SHUTDOWN	CarMaker quick shutdown initiated

