APPLICATION	Car_Generic <insert.your.version.no> #479 (linux64-11.0)
COMPILED	yil@ipgcn1 2022-09-01 16:05:37
 
FIRST_INIT	(internal default used)	2022-09-01 16:11:41
TIME	0.000
SIM_END			0s	0m
IDLE	16:11:42
		A2:ipgcn1.1 registered
SIM_START	SF_OpenDRIVE_IPGDriver_LIDARRSI	2022-09-01 16:11:43
TIME	0.110
		Ref_Origin_GCS: 37.786336	 -122.401858	 0.000000
		Ref_Origin_Fr0: -293.330000	 0.170000	 0.000000

		Current random seed value = 1662019903
TIME	0.000
SIMULATE	SF_OpenDRIVE_IPGDriver_LIDARRSI

TIME	14.280
SIM_END		SF_OpenDRIVE_IPGDriver_LIDARRSI	14.277s	0.871748m
SIM_START	SF_OpenDRIVE_IPGDriver_LIDARRSI	2022-09-01 16:12:05
TIME	0.072
		Ref_Origin_GCS: 37.786336	 -122.401858	 0.000000
		Ref_Origin_Fr0: -293.330000	 0.170000	 0.000000

		Current random seed value = 1662019925
TIME	0.000
SIMULATE	SF_OpenDRIVE_IPGDriver_LIDARRSI

TIME	136.009
SIM_END		SF_OpenDRIVE_IPGDriver_LIDARRSI	136.004s	0.983104m
