APPLICATION	Car_Generic <insert.your.version.no> #588 (linux64-11.0)
COMPILED	yil@ipgcn1 2022-11-01 10:44:19
 
WARNING		/opt/ipg/etc/Licenses: Problem found in license file
		> Line 49: duplicate license ignored (previous line 41)
		> Line 65: duplicate license ignored (previous line 8)
FIRST_INIT	(internal default used)	2022-11-01 10:50:27
TIME	0.000
SIM_END			0s	0m
IDLE	10:50:27
SIM_START	SF_OpenDRIVE_IPGDriver_CameraRSI	2022-11-01 10:50:28
TIME	0.077
		Ref_Origin_GCS: 37.786336	 -122.401858	 0.000000
		Ref_Origin_Fr0: -293.330000	 0.170000	 0.000000

TIME	0.000
SIMULATE	SF_OpenDRIVE_IPGDriver_CameraRSI

TIME	5.631
SIM_END		SF_OpenDRIVE_IPGDriver_CameraRSI	5.628s	0.843558m
TIME	0.006
SIM_START	SF_OpenDRIVE_IPGDriver_CameraRSI	2022-11-01 10:50:43
TIME	0.074
		Ref_Origin_GCS: 37.786336	 -122.401858	 0.000000
		Ref_Origin_Fr0: -293.330000	 0.170000	 0.000000

TIME	0.000
SIMULATE	SF_OpenDRIVE_IPGDriver_CameraRSI

TIME	12.677
SIM_END		SF_OpenDRIVE_IPGDriver_CameraRSI	12.674s	0.866956m
TIME	39.404
SIM_START	SF_OpenDRIVE_IPGDriver_CameraRSI	2022-11-01 10:55:26
TIME	0.068
		Ref_Origin_GCS: 37.786336	 -122.401858	 0.000000
		Ref_Origin_Fr0: -293.330000	 0.170000	 0.000000

TIME	0.000
SIMULATE	SF_OpenDRIVE_IPGDriver_CameraRSI

TIME	16.710
SIM_END		SF_OpenDRIVE_IPGDriver_CameraRSI	16.707s	0.878686m
TIME	26.199
SIM_START	SF_OpenDRIVE_IPGDriver_CameraRSI	2022-11-01 10:57:18
TIME	0.068
		Ref_Origin_GCS: 37.786336	 -122.401858	 0.000000
		Ref_Origin_Fr0: -293.330000	 0.170000	 0.000000

TIME	0.000
SIMULATE	SF_OpenDRIVE_IPGDriver_CameraRSI

TIME	32.832
SIM_END		SF_OpenDRIVE_IPGDriver_CameraRSI	32.829s	0.916366m
TIME	95.611
SHUTDOWN	CarMaker quick shutdown initiated

