APPLICATION	Car_Generic <insert.your.version.no> #526 (linux64-11.0)
COMPILED	yil@ipgcn1 2022-10-25 17:27:45
 
WARNING		/opt/ipg/etc/Licenses: Problem found in license file
		> Line 49: duplicate license ignored (previous line 41)
		> Line 65: duplicate license ignored (previous line 8)
FIRST_INIT	(internal default used)	2022-10-25 17:50:20
TIME	0.000
SIM_END			0s	0m
IDLE	17:50:20
		A2:ipgcn1.1 registered
SIM_START	SF_OpenDRIVE_IPGDriver_LIDARANDRADAR	2022-10-25 17:50:22
TIME	0.074
		Ref_Origin_GCS: 37.786336	 -122.401858	 0.000000
		Ref_Origin_Fr0: -293.330000	 0.170000	 0.000000

		Current random seed value = 1666691422
TIME	0.000
SIMULATE	SF_OpenDRIVE_IPGDriver_LIDARANDRADAR

TIME	12.163
SIM_END		SF_OpenDRIVE_IPGDriver_LIDARANDRADAR	12.16s	46.778m
SIM_START	SF_OpenDRIVE_IPGDriver_LIDARANDRADAR	2022-10-25 17:50:48
TIME	0.072
		Ref_Origin_GCS: 37.786336	 -122.401858	 0.000000
		Ref_Origin_Fr0: -293.330000	 0.170000	 0.000000

		Current random seed value = 1666691448
TIME	0.000
SIMULATE	SF_OpenDRIVE_IPGDriver_LIDARANDRADAR

SIM_END		SF_OpenDRIVE_IPGDriver_LIDARANDRADAR	0.974s	0.562928m
TIME	4.900
SIM_START	SF_OpenDRIVE_IPGDriver_LIDARANDRADAR	2022-10-25 17:51:32
TIME	0.072
		Ref_Origin_GCS: 37.786336	 -122.401858	 0.000000
		Ref_Origin_Fr0: -293.330000	 0.170000	 0.000000

		Current random seed value = 1666691492
TIME	0.000
SIMULATE	SF_OpenDRIVE_IPGDriver_LIDARANDRADAR

TIME	124.909
SIM_END		SF_OpenDRIVE_IPGDriver_LIDARANDRADAR	124.906s	7.35345m
TIME	136.616
SIM_START	SF_OpenDRIVE_IPGDriver_LIDARANDRADAR	2022-10-25 17:55:38
TIME	0.072
		Ref_Origin_GCS: 37.786336	 -122.401858	 0.000000
		Ref_Origin_Fr0: -293.330000	 0.170000	 0.000000

		Current random seed value = 1666691738
TIME	0.000
SIMULATE	SF_OpenDRIVE_IPGDriver_LIDARANDRADAR

TIME	1339.197
SIM_END		SF_OpenDRIVE_IPGDriver_LIDARANDRADAR	1339.19s	2.3814m
SIM_START	SF_OpenDRIVE_IPGDriver_LIDARANDRADAR	2022-10-25 18:18:17
TIME	0.076
		Ref_Origin_GCS: 37.786336	 -122.401858	 0.000000
		Ref_Origin_Fr0: -293.330000	 0.170000	 0.000000

		Current random seed value = 1666693097
TIME	0.000
SIMULATE	SF_OpenDRIVE_IPGDriver_LIDARANDRADAR

TIME	4.025
SIM_END		SF_OpenDRIVE_IPGDriver_LIDARANDRADAR	4.012s	0.0487758m
SIM_START	SF_OpenDRIVE_IPGDriver_LIDARANDRADAR	2022-10-25 18:18:39
TIME	0.092
		Ref_Origin_GCS: 37.786336	 -122.401858	 0.000000
		Ref_Origin_Fr0: -293.330000	 0.170000	 0.000000

		Current random seed value = 1666693119
TIME	0.000
SIMULATE	SF_OpenDRIVE_IPGDriver_LIDARANDRADAR

TIME	50.041
ERROR		GPUSensor A2:ipgcn1.1: Connection lost
SIM_ABORT	SF_OpenDRIVE_IPGDriver_LIDARANDRADAR	50.041s	36.6906m
