APPLICATION	Car_Generic <insert.your.version.no> #624 (linux64-11.0)
COMPILED	yil@ipgcn1 2023-06-30 17:48:27
 
FIRST_INIT	(internal default used)	2023-06-30 17:52:00
TIME	0.000
SIM_END			0s	0m
IDLE	17:52:00
		A2:ipgcn1.1 registered
SIM_START	SF_OpenDRIVE_IPGDriver_LIDARANDRADAR	2023-06-30 17:52:01
TIME	0.075
		Ref_Origin_GCS: 37.786336	 -122.401858	 0.000000
		Ref_Origin_Fr0: -293.330000	 0.170000	 0.000000

		Current random seed value = 1688118721
TIME	0.000
SIMULATE	SF_OpenDRIVE_IPGDriver_LIDARANDRADAR

TIME	34.820
SIM_END		SF_OpenDRIVE_IPGDriver_LIDARANDRADAR	34.817s	32.4949m
SIM_START	SF_OpenDRIVE_IPGDriver_LIDARANDRADAR	2023-06-30 17:52:42
TIME	0.070
		Ref_Origin_GCS: 37.786336	 -122.401858	 0.000000
		Ref_Origin_Fr0: -293.330000	 0.170000	 0.000000

		Current random seed value = 1688118762
TIME	0.000
SIMULATE	SF_OpenDRIVE_IPGDriver_LIDARANDRADAR

TIME	59.120
SIM_END		SF_OpenDRIVE_IPGDriver_LIDARANDRADAR	59.117s	52.3849m
TIME	65.905
SIM_START	SF_OpenDRIVE_IPGDriver_LIDARANDRADAR	2023-06-30 17:54:53
TIME	0.070
		Ref_Origin_GCS: 37.786336	 -122.401858	 0.000000
		Ref_Origin_Fr0: -293.330000	 0.170000	 0.000000

		Current random seed value = 1688118893
TIME	0.000
SIMULATE	SF_OpenDRIVE_IPGDriver_LIDARANDRADAR

TIME	31.211
SIM_END		SF_OpenDRIVE_IPGDriver_LIDARANDRADAR	31.208s	30.6812m
SIM_START	SF_OpenDRIVE_IPGDriver_LIDARANDRADAR	2023-06-30 17:55:31
TIME	0.070
		Ref_Origin_GCS: 37.786336	 -122.401858	 0.000000
		Ref_Origin_Fr0: -293.330000	 0.170000	 0.000000

		Current random seed value = 1688118931
TIME	0.000
SIMULATE	SF_OpenDRIVE_IPGDriver_LIDARANDRADAR

TIME	24.357
SIM_END		SF_OpenDRIVE_IPGDriver_LIDARANDRADAR	24.354s	23.8555m
SIM_START	SF_OpenDRIVE_IPGDriver_LIDARANDRADAR	2023-06-30 17:56:01
TIME	0.070
		Ref_Origin_GCS: 37.786336	 -122.401858	 0.000000
		Ref_Origin_Fr0: -293.330000	 0.170000	 0.000000

		Current random seed value = 1688118961
TIME	0.000
SIMULATE	SF_OpenDRIVE_IPGDriver_LIDARANDRADAR

TIME	49.020
SIM_END		SF_OpenDRIVE_IPGDriver_LIDARANDRADAR	49.017s	45.1033m
SIM_START	SF_OpenDRIVE_IPGDriver_LIDARANDRADAR	2023-06-30 17:57:04
TIME	0.068
		Ref_Origin_GCS: 37.786336	 -122.401858	 0.000000
		Ref_Origin_Fr0: -293.330000	 0.170000	 0.000000

		Current random seed value = 1688119024
TIME	0.000
SIMULATE	SF_OpenDRIVE_IPGDriver_LIDARANDRADAR

TIME	93.675
WARNING		ObjectByLane Sensor 'IPGDriver': POI is on a junction but not within bounds of the driving path. No information about objects can be collected outside the bounds. IPGDriver may not work correctly in this case.
TIME	377.466
SIM_END		SF_OpenDRIVE_IPGDriver_LIDARANDRADAR	377.461s	275.117m
SIM_START	SF_OpenDRIVE_IPGDriver_LIDARANDRADAR	2023-06-30 18:03:28
TIME	0.068
		Ref_Origin_GCS: 37.786336	 -122.401858	 0.000000
		Ref_Origin_Fr0: -293.330000	 0.170000	 0.000000

		Current random seed value = 1688119408
TIME	0.000
SIMULATE	SF_OpenDRIVE_IPGDriver_LIDARANDRADAR

TIME	93.585
WARNING		ObjectByLane Sensor 'IPGDriver': POI is on a junction but not within bounds of the driving path. No information about objects can be collected outside the bounds. IPGDriver may not work correctly in this case.
TIME	337.422
SHUTDOWN	CarMaker quick shutdown initiated

SIM_END		SF_OpenDRIVE_IPGDriver_LIDARANDRADAR	337.422s	247.289m
