APPLICATION	CarMaker 11.0 - Car_Generic #111 (linux64-11.0)
COMPILED	fh@dagobert.ipg 2022-03-30 10:40:53
 
FIRST_INIT	(internal default used)	2022-08-31 14:35:46
TIME	0.000
SIM_END			0s	0m
IDLE	14:35:46
		A3:ipgcn1.1 registered
SIM_START	Examples/BasicFunctions/Sensors/LidarRSI_Countryside	2022-08-31 14:35:47
TIME	0.000
SIMULATE	Examples/BasicFunctions/Sensors/LidarRSI_Countryside

TIME	27.111
SIM_END		Examples/BasicFunctions/Sensors/LidarRSI_Countryside	27.108s	200.596m
TIME	31.815
SIM_START	Examples/BasicFunctions/Sensors/LidarRSI_Countryside	2022-08-31 14:37:05
TIME	0.000
SIMULATE	Examples/BasicFunctions/Sensors/LidarRSI_Countryside

TIME	3.592
SIM_END		Examples/BasicFunctions/Sensors/LidarRSI_Countryside	3.589s	7.11776m
TIME	6.750
SIM_START	Examples/BasicFunctions/Sensors/LidarRSI_Countryside	2022-08-31 14:37:44
TIME	0.000
SIMULATE	Examples/BasicFunctions/Sensors/LidarRSI_Countryside

TIME	9.401
SIM_END		Examples/BasicFunctions/Sensors/LidarRSI_Countryside	9.398s	52.8498m
SHUTDOWN	CarMaker quick shutdown initiated

