APPLICATION	Car_Generic <insert.your.version.no> #479 (linux64-11.0)
COMPILED	yil@ipgcn1 2022-09-01 16:05:37
 
FIRST_INIT	(internal default used)	2022-09-01 16:05:47
TIME	0.000
SIM_END			0s	0m
IDLE	16:05:47
		A2:ipgcn1.1 registered
SIM_START	SF_OpenDRIVE_IPGDriver_LIDARRSI	2022-09-01 16:05:49
TIME	0.076
		Ref_Origin_GCS: 37.786336	 -122.401858	 0.000000
		Ref_Origin_Fr0: -293.330000	 0.170000	 0.000000

		Current random seed value = 1662019549
TIME	0.000
SIMULATE	SF_OpenDRIVE_IPGDriver_LIDARRSI

TIME	13.475
SIM_END		SF_OpenDRIVE_IPGDriver_LIDARRSI	13.47s	14.1604m
SIM_START	SF_OpenDRIVE_IPGDriver_LIDARRSI	2022-09-01 16:06:09
TIME	0.084
		Ref_Origin_GCS: 37.786336	 -122.401858	 0.000000
		Ref_Origin_Fr0: -293.330000	 0.170000	 0.000000

		Current random seed value = 1662019569
TIME	0.000
SIMULATE	SF_OpenDRIVE_IPGDriver_LIDARRSI

TIME	78.244
SIM_END		SF_OpenDRIVE_IPGDriver_LIDARRSI	78.24s	55.2571m
SIM_START	SF_OpenDRIVE_IPGDriver_LIDARRSI	2022-09-01 16:07:36
TIME	0.080
		Ref_Origin_GCS: 37.786336	 -122.401858	 0.000000
		Ref_Origin_Fr0: -293.330000	 0.170000	 0.000000

		Current random seed value = 1662019656
TIME	0.000
SIMULATE	SF_OpenDRIVE_IPGDriver_LIDARRSI

TIME	79.029
SIM_END		SF_OpenDRIVE_IPGDriver_LIDARRSI	79.021s	60.8027m
SIM_START	SF_OpenDRIVE_IPGDriver_LIDARRSI	2022-09-01 16:09:17
TIME	0.076
		Ref_Origin_GCS: 37.786336	 -122.401858	 0.000000
		Ref_Origin_Fr0: -293.330000	 0.170000	 0.000000

		Current random seed value = 1662019757
TIME	0.000
SIMULATE	SF_OpenDRIVE_IPGDriver_LIDARRSI

TIME	76.780
SIM_END		SF_OpenDRIVE_IPGDriver_LIDARRSI	76.775s	71.6702m
SIM_START	SF_OpenDRIVE_IPGDriver_LIDARRSI	2022-09-01 16:10:41
TIME	0.080
		Ref_Origin_GCS: 37.786336	 -122.401858	 0.000000
		Ref_Origin_Fr0: -293.330000	 0.170000	 0.000000

		Current random seed value = 1662019841
TIME	0.000
SIMULATE	SF_OpenDRIVE_IPGDriver_LIDARRSI

TIME	5.329
SIM_END		SF_OpenDRIVE_IPGDriver_LIDARRSI	5.324s	4.33948m
TIME	9.492
SHUTDOWN	CarMaker quick shutdown initiated

