APPLICATION	Car_Generic <insert.your.version.no> #512 (linux64-11.0)
COMPILED	yil@ipgcn1 2022-10-25 13:55:26
 
WARNING		/opt/ipg/etc/Licenses: Problem found in license file
		> Line 49: duplicate license ignored (previous line 41)
		> Line 65: duplicate license ignored (previous line 8)
FIRST_INIT	(internal default used)	2022-10-25 14:55:10
TIME	0.000
SIM_END			0s	0m
IDLE	14:55:11
SIM_START	CM_WITH_APOLLO_RADARSENSOR	2022-10-25 14:55:11
TIME	0.077
		Ref_Origin_GCS: 37.786336	 -122.401858	 0.000000
		Ref_Origin_Fr0: -293.330000	 0.170000	 0.000000

		Current random seed value = 1666680911
TIME	0.000
SIMULATE	CM_WITH_APOLLO_RADARSENSOR

TIME	50.614
SIM_END		CM_WITH_APOLLO_RADARSENSOR	50.611s	0.94479m
TIME	53.429
SHUTDOWN	CarMaker quick shutdown initiated

