APPLICATION	Car_Generic <insert.your.version.no> #582 (linux64-11.0)
COMPILED	yil@ipgcn1 2022-10-31 15:29:42
 
WARNING		/opt/ipg/etc/Licenses: Problem found in license file
		> Line 49: duplicate license ignored (previous line 41)
		> Line 65: duplicate license ignored (previous line 8)
FIRST_INIT	(internal default used)	2022-10-31 16:47:18
TIME	0.000
WARNING		RSDS: unable to connect (returns -2, Connection refused)
SIM_END			0s	0m
IDLE	16:47:19
		A2:ipgcn1.1 registered
SIM_START	SF_OpenDRIVE_IPGDriver_CameraRSI	2022-10-31 16:47:20
TIME	0.077
		Ref_Origin_GCS: 37.786336	 -122.401858	 0.000000
		Ref_Origin_Fr0: -293.330000	 0.170000	 0.000000

TIME	0.000
SIMULATE	SF_OpenDRIVE_IPGDriver_CameraRSI

TIME	73.105
SIM_END		SF_OpenDRIVE_IPGDriver_CameraRSI	73.102s	0.96643m
TIME	75.236
SIM_START	SF_OpenDRIVE_IPGDriver_CameraRSI	2022-10-31 16:48:59
TIME	0.068
		Ref_Origin_GCS: 37.786336	 -122.401858	 0.000000
		Ref_Origin_Fr0: -293.330000	 0.170000	 0.000000

TIME	0.000
SIMULATE	SF_OpenDRIVE_IPGDriver_CameraRSI

TIME	407.119
SIM_END		SF_OpenDRIVE_IPGDriver_CameraRSI	407.116s	0.984163m
SIM_START	SF_OpenDRIVE_IPGDriver_CameraRSI	2022-10-31 16:55:53
TIME	0.068
		Ref_Origin_GCS: 37.786336	 -122.401858	 0.000000
		Ref_Origin_Fr0: -293.330000	 0.170000	 0.000000

TIME	0.000
SIMULATE	SF_OpenDRIVE_IPGDriver_CameraRSI

TIME	47.411
SIM_END		SF_OpenDRIVE_IPGDriver_CameraRSI	47.408s	0.940514m
TIME	271.644
SHUTDOWN	CarMaker quick shutdown initiated

