APPLICATION	Car_Generic <insert.your.version.no> #472 (linux64-11.0)
COMPILED	yil@ipgcn1 2022-09-01 15:06:36
 
FIRST_INIT	(internal default used)	2022-09-01 15:08:57
TIME	0.000
SIM_END			0s	0m
IDLE	15:08:57
		A2:ipgcn1.1 registered
SIM_START	SF_OpenDRIVE_IPGDriver_LIDARRSI	2022-09-01 15:08:59
TIME	0.076
		Ref_Origin_GCS: 37.786336	 -122.401858	 0.000000
		Ref_Origin_Fr0: -293.330000	 0.170000	 0.000000

		Current random seed value = 1662016139
TIME	0.000
SIMULATE	SF_OpenDRIVE_IPGDriver_LIDARRSI

TIME	454.965
SIM_END		SF_OpenDRIVE_IPGDriver_LIDARRSI	454.96s	1.00094m
TIME	458.252
SIM_START	SF_OpenDRIVE_IPGDriver_LIDARRSI	2022-09-01 15:18:15
TIME	0.070
		Ref_Origin_GCS: 37.786336	 -122.401858	 0.000000
		Ref_Origin_Fr0: -293.330000	 0.170000	 0.000000

		Current random seed value = 1662016695
TIME	0.000
SIMULATE	SF_OpenDRIVE_IPGDriver_LIDARRSI

TIME	17.949
SIM_END		SF_OpenDRIVE_IPGDriver_LIDARRSI	17.946s	0.895638m
SIM_START	SF_OpenDRIVE_IPGDriver_LIDARRSI	2022-09-01 15:18:43
TIME	0.070
		Ref_Origin_GCS: 37.786336	 -122.401858	 0.000000
		Ref_Origin_Fr0: -293.330000	 0.170000	 0.000000

		Current random seed value = 1662016723
TIME	0.000
SIMULATE	SF_OpenDRIVE_IPGDriver_LIDARRSI

TIME	31.081
ERROR		GPUSensor A2:ipgcn1.1: Connection lost
SIM_ABORT	SF_OpenDRIVE_IPGDriver_LIDARRSI	31.081s	0.927199m
TIME	34.149
WARNING		Sending connect request failed.
WARNING		Could not connect to ipgcn1:11021
SHUTDOWN	CarMaker quick shutdown initiated

