APPLICATION	Car_Generic <insert.your.version.no> #476 (linux64-11.0)
COMPILED	yil@ipgcn1 2022-09-01 15:52:31
 
FIRST_INIT	(internal default used)	2022-09-01 15:52:43
TIME	0.000
SIM_END			0s	0m
IDLE	15:52:44
		A2:ipgcn1.1 registered
SIM_START	SF_OpenDRIVE_IPGDriver_LIDARRSI	2022-09-01 15:52:45
TIME	0.082
		Ref_Origin_GCS: 37.786336	 -122.401858	 0.000000
		Ref_Origin_Fr0: -293.330000	 0.170000	 0.000000

		Current random seed value = 1662018765
TIME	0.000
SIMULATE	SF_OpenDRIVE_IPGDriver_LIDARRSI

TIME	27.484
SIM_END		SF_OpenDRIVE_IPGDriver_LIDARRSI	27.479s	45.4742m
SIM_START	SF_OpenDRIVE_IPGDriver_LIDARRSI	2022-09-01 15:53:19
TIME	0.074
		Ref_Origin_GCS: 37.786336	 -122.401858	 0.000000
		Ref_Origin_Fr0: -293.330000	 0.170000	 0.000000

		Current random seed value = 1662018799
TIME	0.000
SIMULATE	SF_OpenDRIVE_IPGDriver_LIDARRSI

TIME	67.225
SIM_END		SF_OpenDRIVE_IPGDriver_LIDARRSI	67.22s	58.6774m
SIM_START	SF_OpenDRIVE_IPGDriver_LIDARRSI	2022-09-01 15:54:35
TIME	0.082
		Ref_Origin_GCS: 37.786336	 -122.401858	 0.000000
		Ref_Origin_Fr0: -293.330000	 0.170000	 0.000000

		Current random seed value = 1662018875
TIME	0.000
SIMULATE	SF_OpenDRIVE_IPGDriver_LIDARRSI

TIME	57.058
SIM_END		SF_OpenDRIVE_IPGDriver_LIDARRSI	57.053s	0.0113821m
TIME	85.719
SIM_START	SF_OpenDRIVE_IPGDriver_LIDARRSI	2022-09-01 16:00:26
TIME	0.078
		Ref_Origin_GCS: 37.786336	 -122.401858	 0.000000
		Ref_Origin_Fr0: -293.330000	 0.170000	 0.000000

		Current random seed value = 1662019226
TIME	0.000
SIMULATE	SF_OpenDRIVE_IPGDriver_LIDARRSI

TIME	58.538
SIM_END		SF_OpenDRIVE_IPGDriver_LIDARRSI	58.533s	0.0122756m
TIME	63.223
SHUTDOWN	CarMaker quick shutdown initiated

