APPLICATION	Car_Generic <insert.your.version.no> #606 (linux64-11.0)
COMPILED	yil@ipgcn1 2022-11-02 14:58:28
 
WARNING		/opt/ipg/etc/Licenses: Problem found in license file
		> Line 49: duplicate license ignored (previous line 41)
		> Line 65: duplicate license ignored (previous line 8)
FIRST_INIT	(internal default used)	2022-11-02 15:06:05
TIME	0.000
SIM_END			0s	0m
IDLE	15:06:06
SIM_START	SF_OpenDRIVE_IPGDriver_CameraRSI	2022-11-02 15:06:06
TIME	0.077
		Ref_Origin_GCS: 37.786336	 -122.401858	 0.000000
		Ref_Origin_Fr0: -293.330000	 0.170000	 0.000000

TIME	0.000
SIMULATE	SF_OpenDRIVE_IPGDriver_CameraRSI

TIME	25.195
SIM_END		SF_OpenDRIVE_IPGDriver_CameraRSI	25.192s	0.90017m
TIME	0.006
SIM_START	SF_OpenDRIVE_IPGDriver_CameraRSI	2022-11-02 15:07:19
TIME	0.076
		Ref_Origin_GCS: 37.786336	 -122.401858	 0.000000
		Ref_Origin_Fr0: -293.330000	 0.170000	 0.000000

TIME	0.000
SIMULATE	SF_OpenDRIVE_IPGDriver_CameraRSI

TIME	99.819
SIM_END		SF_OpenDRIVE_IPGDriver_CameraRSI	99.814s	0.978346m
TIME	396.608
SHUTDOWN	CarMaker quick shutdown initiated

WARNING		RSDS: unable to connect (returns -3, Connection reset by peer)
