APPLICATION	Car_Generic <insert.your.version.no> #469 (linux64-11.0)
COMPILED	yil@ipgcn1 2022-09-01 11:02:23
 
FIRST_INIT	(internal default used)	2022-09-01 11:15:26
TIME	0.000
SIM_END			0s	0m
IDLE	11:15:26
		A2:ipgcn1.1 registered
SIM_START	SF_OpenDRIVE_IPGDriver_LIDARRSI	2022-09-01 11:15:29
TIME	0.072
		Ref_Origin_GCS: 37.786336	 -122.401858	 0.000000
		Ref_Origin_Fr0: -293.330000	 0.170000	 0.000000

		Current random seed value = 1662002129
TIME	0.000
SIMULATE	SF_OpenDRIVE_IPGDriver_LIDARRSI

TIME	11.772
SIM_END		SF_OpenDRIVE_IPGDriver_LIDARRSI	11.769s	0.877297m
SIM_START	SF_OpenDRIVE_IPGDriver_LIDARRSI	2022-09-01 11:15:48
TIME	0.070
		Ref_Origin_GCS: 37.786336	 -122.401858	 0.000000
		Ref_Origin_Fr0: -293.330000	 0.170000	 0.000000

		Current random seed value = 1662002148
TIME	0.000
SIMULATE	SF_OpenDRIVE_IPGDriver_LIDARRSI

