APPLICATION	Car_Generic <insert.your.version.no> #495 (linux64-11.0)
COMPILED	yil@ipgcn1 2022-10-19 10:45:20
 
WARNING		/opt/ipg/etc/Licenses: Problem found in license file
		> Line 49: duplicate license ignored (previous line 41)
		> Line 65: duplicate license ignored (previous line 8)
FIRST_INIT	(internal default used)	2022-10-24 10:20:15
TIME	0.000
SIM_END			0s	0m
IDLE	10:20:16
SIM_START	Examples/BasicFunctions/Sensors/RadarSensor_MergeObjects	2022-10-24 10:20:17
TIME	0.063
ERROR		No GCS-Coordinates reference entered! Please enter a reference value for lat, long and height.
		Current random seed value = 1666578017
SIM_ABORT	Examples/BasicFunctions/Sensors/RadarSensor_MergeObjects	0s	0m
SIM_START	Examples/BasicFunctions/Sensors/RadarSensor_Occlusion	2022-10-24 10:20:34
TIME	0.056
ERROR		No GCS-Coordinates reference entered! Please enter a reference value for lat, long and height.
		Current random seed value = 1666578034
SIM_ABORT	Examples/BasicFunctions/Sensors/RadarSensor_Occlusion	0s	0m
SIM_START	Examples/BasicFunctions/Driver/BackAndForth	2022-10-24 10:20:48
TIME	0.054
ERROR		No GCS-Coordinates reference entered! Please enter a reference value for lat, long and height.
SIM_ABORT	Examples/BasicFunctions/Driver/BackAndForth	0s	0m
TIME	7.253
SHUTDOWN	CarMaker quick shutdown initiated

