APPLICATION	Car_Generic <insert.your.version.no> #479 (linux64-11.0)
COMPILED	yil@ipgcn1 2022-09-01 16:05:37
 
FIRST_INIT	(internal default used)	2022-09-01 16:17:05
TIME	0.000
SIM_END			0s	0m
IDLE	16:17:06
TIME	7.656
		A2:ipgcn1.1 registered
TIME	0.004
SIM_START	SF_OpenDRIVE_IPGDriver_LIDARRSI	2022-09-01 16:18:23
TIME	0.076
		Ref_Origin_GCS: 37.786336	 -122.401858	 0.000000
		Ref_Origin_Fr0: -293.330000	 0.170000	 0.000000

		Current random seed value = 1662020303
TIME	0.000
SIMULATE	SF_OpenDRIVE_IPGDriver_LIDARRSI

TIME	14.109
SIM_END		SF_OpenDRIVE_IPGDriver_LIDARRSI	14.106s	0.871245m
SIM_START	SF_OpenDRIVE_IPGDriver_LIDARRSI	2022-09-01 16:18:46
TIME	0.070
		Ref_Origin_GCS: 37.786336	 -122.401858	 0.000000
		Ref_Origin_Fr0: -293.330000	 0.170000	 0.000000

		Current random seed value = 1662020326
TIME	0.000
SIMULATE	SF_OpenDRIVE_IPGDriver_LIDARRSI

TIME	43.546
SIM_END		SF_OpenDRIVE_IPGDriver_LIDARRSI	43.543s	0.934889m
TIME	289.698
SHUTDOWN	CarMaker quick shutdown initiated

