APPLICATION	Car_Generic <insert.your.version.no> #474 (linux64-11.0)
COMPILED	yil@ipgcn1 2022-09-01 15:28:15
 
FIRST_INIT	(internal default used)	2022-09-01 15:28:48
TIME	0.000
SIM_END			0s	0m
IDLE	15:28:49
		A2:ipgcn1.1 registered
SIM_START	SF_OpenDRIVE_IPGDriver_LIDARRSI	2022-09-01 15:28:50
TIME	0.074
		Ref_Origin_GCS: 37.786336	 -122.401858	 0.000000
		Ref_Origin_Fr0: -293.330000	 0.170000	 0.000000

		Current random seed value = 1662017330
TIME	0.000
SIMULATE	SF_OpenDRIVE_IPGDriver_LIDARRSI

SIM_END		SF_OpenDRIVE_IPGDriver_LIDARRSI	1.548s	0.0138179m
SIM_START	SF_OpenDRIVE_IPGDriver_LIDARRSI	2022-09-01 15:28:57
TIME	0.070
		Ref_Origin_GCS: 37.786336	 -122.401858	 0.000000
		Ref_Origin_Fr0: -293.330000	 0.170000	 0.000000

		Current random seed value = 1662017337
TIME	0.000
SIMULATE	SF_OpenDRIVE_IPGDriver_LIDARRSI

TIME	13.036
SIM_END		SF_OpenDRIVE_IPGDriver_LIDARRSI	13.033s	0.0139263m
SHUTDOWN	CarMaker quick shutdown initiated

