APPLICATION	Car_Generic <insert.your.version.no> #438 (linux64-11.0)
COMPILED	yil@ipgcn1 2022-08-30 16:53:41
 
FIRST_INIT	(internal default used)	2022-08-30 16:54:01
TIME	0.000
SIM_END			0s	0m
IDLE	16:54:02
		A2:ipgcn1.1 registered
SIM_START	SF_OpenDRIVE_IPGDriver_smallMap_test4control_turn_v1	2022-08-30 16:54:03
TIME	0.078
		Name: VehSensor_0
		SensorCycleTime: 83 ms
		Ref_Origin_GCS: 37.786336	 -122.401858	 0.000000
		Ref_Origin_Fr0: -293.330000	 0.170000	 0.000000

		GPUSensor A2:ipgcn1.1: Timeout during initialization
ERROR		One or more GPUSensors not ready in time
SIM_ABORT	SF_OpenDRIVE_IPGDriver_smallMap_test4control_turn_v1	0s	0m
		A3:ipgcn1.1 registered
SIM_START	SF_OpenDRIVE_IPGDriver_smallMap_test4control_turn_v1	2022-08-30 16:54:10
TIME	0.077
		Name: VehSensor_0
		SensorCycleTime: 83 ms
		Ref_Origin_GCS: 37.786336	 -122.401858	 0.000000
		Ref_Origin_Fr0: -293.330000	 0.170000	 0.000000

TIME	0.000
SIMULATE	SF_OpenDRIVE_IPGDriver_smallMap_test4control_turn_v1

TIME	22.015
SIM_END		SF_OpenDRIVE_IPGDriver_smallMap_test4control_turn_v1	22.012s	41.4986m
SHUTDOWN	CarMaker quick shutdown initiated

