APPLICATION	Car_Generic <insert.your.version.no> #614 (linux64-11.0)
COMPILED	yil@ipgcn1 2023-06-29 16:43:41
 
FIRST_INIT	(internal default used)	2023-06-29 16:43:59
TIME	0.000
WARNING		RSDS: unable to connect (returns -2, Connection refused)
SIM_END			0s	0m
IDLE	16:43:59
		A2:ipgcn1.1 registered
SIM_START	SF_OpenDRIVE_IPGDriver_CameraRSI	2023-06-29 16:44:00
TIME	0.069
		Ref_Origin_GCS: 37.786336	 -122.401858	 0.000000
		Ref_Origin_Fr0: -293.330000	 0.170000	 0.000000

TIME	0.000
SIMULATE	SF_OpenDRIVE_IPGDriver_CameraRSI

TIME	42.323
SIM_END		SF_OpenDRIVE_IPGDriver_CameraRSI	42.318s	29.7001m
SIM_START	SF_OpenDRIVE_IPGDriver_CameraRSI	2023-06-29 16:44:48
TIME	0.068
		Ref_Origin_GCS: 37.786336	 -122.401858	 0.000000
		Ref_Origin_Fr0: -293.330000	 0.170000	 0.000000

TIME	0.000
SIMULATE	SF_OpenDRIVE_IPGDriver_CameraRSI

TIME	34.051
SIM_END		SF_OpenDRIVE_IPGDriver_CameraRSI	34.046s	23.8693m
SHUTDOWN	CarMaker quick shutdown initiated

