APPLICATION	Car_Generic <insert.your.version.no> #511 (linux64-11.0)
COMPILED	yil@ipgcn1 2022-10-24 18:35:07
 
WARNING		/opt/ipg/etc/Licenses: Problem found in license file
		> Line 49: duplicate license ignored (previous line 41)
		> Line 65: duplicate license ignored (previous line 8)
FIRST_INIT	(internal default used)	2022-10-24 18:40:35
TIME	0.000
SIM_END			0s	0m
IDLE	18:40:35
SIM_START	CM_WITH_APOLLO_RADARSENSOR	2022-10-24 18:40:36
TIME	0.179
		Ref_Origin_GCS: 37.786336	 -122.401858	 0.000000
		Ref_Origin_Fr0: -293.330000	 0.170000	 0.000000

		Current random seed value = 1666608036
TIME	0.000
SIMULATE	CM_WITH_APOLLO_RADARSENSOR

TIME	8.668
SIM_END		CM_WITH_APOLLO_RADARSENSOR	8.663s	0.854139m
SIM_START	CM_WITH_APOLLO_RADARSENSOR	2022-10-24 18:41:05
TIME	0.083
		Ref_Origin_GCS: 37.786336	 -122.401858	 0.000000
		Ref_Origin_Fr0: -293.330000	 0.170000	 0.000000

		Current random seed value = 1666608065
TIME	0.000
SIMULATE	CM_WITH_APOLLO_RADARSENSOR

TIME	10.146
SIM_END		CM_WITH_APOLLO_RADARSENSOR	10.141s	0.859007m
TIME	0.006
SIM_START	CM_WITH_APOLLO_RADARSENSOR	2022-10-24 18:41:33
TIME	0.076
		Ref_Origin_GCS: 37.786336	 -122.401858	 0.000000
		Ref_Origin_Fr0: -293.330000	 0.170000	 0.000000

		Current random seed value = 1666608093
TIME	0.000
SIMULATE	CM_WITH_APOLLO_RADARSENSOR

SIM_END		CM_WITH_APOLLO_RADARSENSOR	0.759s	0.486228m
SHUTDOWN	CarMaker quick shutdown initiated

