APPLICATION	Car_Generic <insert.your.version.no> #450 (linux64-11.0)
COMPILED	yil@ipgcn1 2022-08-30 17:22:21
 
FIRST_INIT	(internal default used)	2022-08-30 17:22:31
TIME	0.000
SIM_END			0s	0m
IDLE	17:22:32
		A2:ipgcn1.1 registered
SIM_START	SF_OpenDRIVE_IPGDriver_smallMap_test4control_turn_v1	2022-08-30 17:22:33
TIME	0.079
		Name: VehSensor_0
		SensorCycleTime: 83 ms
		Ref_Origin_GCS: 37.786336	 -122.401858	 0.000000
		Ref_Origin_Fr0: -293.330000	 0.170000	 0.000000

TIME	0.000
SIMULATE	SF_OpenDRIVE_IPGDriver_smallMap_test4control_turn_v1

TIME	15.563
SIM_END		SF_OpenDRIVE_IPGDriver_smallMap_test4control_turn_v1	15.558s	28.9646m
SIM_START	SF_OpenDRIVE_IPGDriver_smallMap_test4control_turn_v1	2022-08-30 17:23:00
TIME	0.070
		Name: VehSensor_0
		SensorCycleTime: 83 ms
		Ref_Origin_GCS: 37.786336	 -122.401858	 0.000000
		Ref_Origin_Fr0: -293.330000	 0.170000	 0.000000

TIME	0.000
SIMULATE	SF_OpenDRIVE_IPGDriver_smallMap_test4control_turn_v1

TIME	47.288
SIM_END		SF_OpenDRIVE_IPGDriver_smallMap_test4control_turn_v1	47.281s	72.318m
SIM_START	SF_OpenDRIVE_IPGDriver_smallMap_test4control_turn_v1	2022-08-30 17:23:56
TIME	0.070
		Name: VehSensor_0
		SensorCycleTime: 83 ms
		Ref_Origin_GCS: 37.786336	 -122.401858	 0.000000
		Ref_Origin_Fr0: -293.330000	 0.170000	 0.000000

TIME	0.000
SIMULATE	SF_OpenDRIVE_IPGDriver_smallMap_test4control_turn_v1

TIME	38.567
SIM_END		SF_OpenDRIVE_IPGDriver_smallMap_test4control_turn_v1	38.557s	0.013755m
SIM_START	SF_OpenDRIVE_IPGDriver_smallMap_test4control_turn_v1	2022-08-30 17:24:45
TIME	0.070
		Name: VehSensor_0
		SensorCycleTime: 83 ms
		Ref_Origin_GCS: 37.786336	 -122.401858	 0.000000
		Ref_Origin_Fr0: -293.330000	 0.170000	 0.000000

TIME	0.000
SIMULATE	SF_OpenDRIVE_IPGDriver_smallMap_test4control_turn_v1

TIME	70.726
SIM_END		SF_OpenDRIVE_IPGDriver_smallMap_test4control_turn_v1	70.717s	0.0137582m
SHUTDOWN	CarMaker quick shutdown initiated

