APPLICATION	Car_Generic <insert.your.version.no> #525 (linux64-11.0)
COMPILED	yil@ipgcn1 2022-10-25 16:55:24
 
WARNING		/opt/ipg/etc/Licenses: Problem found in license file
		> Line 49: duplicate license ignored (previous line 41)
		> Line 65: duplicate license ignored (previous line 8)
FIRST_INIT	(internal default used)	2022-10-25 17:02:50
TIME	0.000
SIM_END			0s	0m
IDLE	17:02:50
		A2:ipgcn1.1 registered
SIM_START	SF_OpenDRIVE_IPGDriver_LIDARANDRADAR	2022-10-25 17:02:51
TIME	0.076
		Ref_Origin_GCS: 37.786336	 -122.401858	 0.000000
		Ref_Origin_Fr0: -293.330000	 0.170000	 0.000000

		Current random seed value = 1666688571
TIME	0.000
SIMULATE	SF_OpenDRIVE_IPGDriver_LIDARANDRADAR

TIME	74.190
SIM_END		SF_OpenDRIVE_IPGDriver_LIDARANDRADAR	74.117s	0.0137583m
SIM_START	SF_OpenDRIVE_IPGDriver_LIDARANDRADAR	2022-10-25 17:04:16
TIME	0.130
		Ref_Origin_GCS: 37.786336	 -122.401858	 0.000000
		Ref_Origin_Fr0: -293.330000	 0.170000	 0.000000

		Current random seed value = 1666688656
TIME	0.000
SIMULATE	SF_OpenDRIVE_IPGDriver_LIDARANDRADAR

TIME	168.328
SIM_END		SF_OpenDRIVE_IPGDriver_LIDARANDRADAR	168.325s	0.0137588m
TIME	170.658
SHUTDOWN	CarMaker quick shutdown initiated

