APPLICATION	Car_Generic <insert.your.version.no> #586 (linux64-11.0)
COMPILED	yil@ipgcn1 2022-10-31 18:06:43
 
WARNING		/opt/ipg/etc/Licenses: Problem found in license file
		> Line 49: duplicate license ignored (previous line 41)
		> Line 65: duplicate license ignored (previous line 8)
FIRST_INIT	(internal default used)	2022-10-31 18:33:39
TIME	0.000
SIM_END			0s	0m
IDLE	18:33:40
		A2:ipgcn1.1 registered
SIM_START	SF_OpenDRIVE_IPGDriver_CameraRSI	2022-10-31 18:33:41
TIME	0.076
		Ref_Origin_GCS: 37.786336	 -122.401858	 0.000000
		Ref_Origin_Fr0: -293.330000	 0.170000	 0.000000

TIME	0.000
SIMULATE	SF_OpenDRIVE_IPGDriver_CameraRSI

WARNING		CameraRSI: VDS client not running on simulation start. (-60)
TIME	25.501
WARNING		RSDS: unable to connect (returns -2, Connection timed out)
SIM_END		SF_OpenDRIVE_IPGDriver_CameraRSI	25.501s	0.900879m
SIM_START	SF_OpenDRIVE_IPGDriver_CameraRSI	2022-10-31 18:36:55
TIME	0.068
		Ref_Origin_GCS: 37.786336	 -122.401858	 0.000000
		Ref_Origin_Fr0: -293.330000	 0.170000	 0.000000

		GPUSensor A2:ipgcn1.1: Timeout during initialization
ERROR		One or more GPUSensors not ready in time
SIM_ABORT	SF_OpenDRIVE_IPGDriver_CameraRSI	0s	0m
SIM_START	SF_OpenDRIVE_IPGDriver_CameraRSI	2022-10-31 18:37:03
TIME	0.068
		Ref_Origin_GCS: 37.786336	 -122.401858	 0.000000
		Ref_Origin_Fr0: -293.330000	 0.170000	 0.000000

		GPUSensor A2:ipgcn1.1: Timeout during initialization
ERROR		One or more GPUSensors not ready in time
SIM_ABORT	SF_OpenDRIVE_IPGDriver_CameraRSI	0s	0m
SHUTDOWN	CarMaker quick shutdown initiated

WARNING		RSDS: unable to connect (returns -2, Connection timed out)
