APPLICATION	Car_Generic <insert.your.version.no> #478 (linux64-11.0)
COMPILED	yil@ipgcn1 2022-09-01 16:02:51
 
FIRST_INIT	(internal default used)	2022-09-01 16:03:00
TIME	0.000
SIM_END			0s	0m
IDLE	16:03:01
		A2:ipgcn1.1 registered
SIM_START	SF_OpenDRIVE_IPGDriver_LIDARRSI	2022-09-01 16:03:02
TIME	0.087
		Ref_Origin_GCS: 37.786336	 -122.401858	 0.000000
		Ref_Origin_Fr0: -293.330000	 0.170000	 0.000000

		Current random seed value = 1662019382
TIME	0.000
SIMULATE	SF_OpenDRIVE_IPGDriver_LIDARRSI

TIME	23.228
SIM_END		SF_OpenDRIVE_IPGDriver_LIDARRSI	23.223s	15.9177m
SIM_START	SF_OpenDRIVE_IPGDriver_LIDARRSI	2022-09-01 16:03:33
TIME	0.086
		Ref_Origin_GCS: 37.786336	 -122.401858	 0.000000
		Ref_Origin_Fr0: -293.330000	 0.170000	 0.000000

		Current random seed value = 1662019413
TIME	0.000
SIMULATE	SF_OpenDRIVE_IPGDriver_LIDARRSI

TIME	38.318
SIM_END		SF_OpenDRIVE_IPGDriver_LIDARRSI	38.313s	55.2911m
TIME	44.475
SHUTDOWN	CarMaker quick shutdown initiated

