APPLICATION	Car_Generic <insert.your.version.no> #593 (linux64-11.0)
COMPILED	yil@ipgcn1 2022-11-01 15:26:27
 
WARNING		/opt/ipg/etc/Licenses: Problem found in license file
		> Line 49: duplicate license ignored (previous line 41)
		> Line 65: duplicate license ignored (previous line 8)
FIRST_INIT	(internal default used)	2022-11-01 18:00:33
TIME	0.000
SIM_END			0s	0m
IDLE	18:00:33
SIM_START	SF_OpenDRIVE_IPGDriver_CameraRSI	2022-11-01 18:00:34
TIME	0.077
		Ref_Origin_GCS: 37.786336	 -122.401858	 0.000000
		Ref_Origin_Fr0: -293.330000	 0.170000	 0.000000

TIME	0.000
SIMULATE	SF_OpenDRIVE_IPGDriver_CameraRSI

TIME	113.390
SIM_END		SF_OpenDRIVE_IPGDriver_CameraRSI	113.385s	0.981038m
TIME	118.135
SIM_START	SF_OpenDRIVE_IPGDriver_CameraRSI	2022-11-01 18:03:17
TIME	0.086
		Ref_Origin_GCS: 37.786336	 -122.401858	 0.000000
		Ref_Origin_Fr0: -293.330000	 0.170000	 0.000000

TIME	0.000
SIMULATE	SF_OpenDRIVE_IPGDriver_CameraRSI

TIME	241.402
SIM_END		SF_OpenDRIVE_IPGDriver_CameraRSI	241.399s	0.984157m
TIME	258.515
SIM_START	SF_OpenDRIVE_IPGDriver_CameraRSI	2022-11-01 18:10:11
TIME	0.068
		Ref_Origin_GCS: 37.786336	 -122.401858	 0.000000
		Ref_Origin_Fr0: -293.330000	 0.170000	 0.000000

TIME	0.000
SIMULATE	SF_OpenDRIVE_IPGDriver_CameraRSI

TIME	5.600
SIM_END		SF_OpenDRIVE_IPGDriver_CameraRSI	5.597s	0.843445m
SIM_START	SF_OpenDRIVE_IPGDriver_CameraRSI	2022-11-01 18:10:24
TIME	0.068
		Ref_Origin_GCS: 37.786336	 -122.401858	 0.000000
		Ref_Origin_Fr0: -293.330000	 0.170000	 0.000000

TIME	0.000
SIMULATE	SF_OpenDRIVE_IPGDriver_CameraRSI

TIME	135.069
SIM_END		SF_OpenDRIVE_IPGDriver_CameraRSI	135.064s	0.983054m
TIME	137.500
SIM_START	SF_OpenDRIVE_IPGDriver_CameraRSI	2022-11-01 18:13:06
TIME	0.070
		Ref_Origin_GCS: 37.786336	 -122.401858	 0.000000
		Ref_Origin_Fr0: -293.330000	 0.170000	 0.000000

TIME	0.000
SIMULATE	SF_OpenDRIVE_IPGDriver_CameraRSI

TIME	254.321
SIM_END		SF_OpenDRIVE_IPGDriver_CameraRSI	254.316s	0.98416m
SIM_START	SF_OpenDRIVE_IPGDriver_CameraRSI	2022-11-01 18:17:33
TIME	0.074
		Ref_Origin_GCS: 37.786336	 -122.401858	 0.000000
		Ref_Origin_Fr0: -293.330000	 0.170000	 0.000000

TIME	0.000
SIMULATE	SF_OpenDRIVE_IPGDriver_CameraRSI

TIME	8.662
SIM_END		SF_OpenDRIVE_IPGDriver_CameraRSI	8.659s	0.854126m
TIME	17.197
SHUTDOWN	CarMaker quick shutdown initiated

