APPLICATION	Car_Generic <insert.your.version.no> #593 (linux64-11.0)
COMPILED	yil@ipgcn1 2022-11-01 15:26:27
 
WARNING		/opt/ipg/etc/Licenses: Problem found in license file
		> Line 49: duplicate license ignored (previous line 41)
		> Line 65: duplicate license ignored (previous line 8)
FIRST_INIT	(internal default used)	2022-11-01 17:26:00
TIME	0.000
SIM_END			0s	0m
IDLE	17:26:00
SIM_START	SF_OpenDRIVE_IPGDriver_CameraRSI	2022-11-01 17:26:01
TIME	0.077
		Ref_Origin_GCS: 37.786336	 -122.401858	 0.000000
		Ref_Origin_Fr0: -293.330000	 0.170000	 0.000000

TIME	0.000
SIMULATE	SF_OpenDRIVE_IPGDriver_CameraRSI

TIME	72.527
SIM_END		SF_OpenDRIVE_IPGDriver_CameraRSI	72.524s	0.966032m
TIME	92.060
SIM_START	SF_OpenDRIVE_IPGDriver_CameraRSI	2022-11-01 17:30:30
TIME	0.068
		Ref_Origin_GCS: 37.786336	 -122.401858	 0.000000
		Ref_Origin_Fr0: -293.330000	 0.170000	 0.000000

TIME	0.000
SIMULATE	SF_OpenDRIVE_IPGDriver_CameraRSI

TIME	491.727
SIM_END		SF_OpenDRIVE_IPGDriver_CameraRSI	491.724s	0.984163m
SIM_START	SF_OpenDRIVE_IPGDriver_CameraRSI	2022-11-01 17:39:00
TIME	0.070
		Ref_Origin_GCS: 37.786336	 -122.401858	 0.000000
		Ref_Origin_Fr0: -293.330000	 0.170000	 0.000000

TIME	0.000
SIMULATE	SF_OpenDRIVE_IPGDriver_CameraRSI

TIME	356.368
SIM_END		SF_OpenDRIVE_IPGDriver_CameraRSI	356.363s	0.984163m
SIM_START	SF_OpenDRIVE_IPGDriver_CameraRSI	2022-11-01 17:45:09
TIME	0.070
		Ref_Origin_GCS: 37.786336	 -122.401858	 0.000000
		Ref_Origin_Fr0: -293.330000	 0.170000	 0.000000

TIME	0.000
SIMULATE	SF_OpenDRIVE_IPGDriver_CameraRSI

TIME	123.333
SIM_END		SF_OpenDRIVE_IPGDriver_CameraRSI	123.33s	0.98221m
TIME	144.152
SIM_START	SF_OpenDRIVE_IPGDriver_CameraRSI	2022-11-01 17:50:42
TIME	0.068
		Ref_Origin_GCS: 37.786336	 -122.401858	 0.000000
		Ref_Origin_Fr0: -293.330000	 0.170000	 0.000000

TIME	0.000
SIMULATE	SF_OpenDRIVE_IPGDriver_CameraRSI

TIME	115.133
SIM_END		SF_OpenDRIVE_IPGDriver_CameraRSI	115.054s	0.981273m
TIME	144.870
SIM_START	SF_OpenDRIVE_IPGDriver_CameraRSI	2022-11-01 17:57:36
TIME	0.068
		Ref_Origin_GCS: 37.786336	 -122.401858	 0.000000
		Ref_Origin_Fr0: -293.330000	 0.170000	 0.000000

TIME	0.000
SIMULATE	SF_OpenDRIVE_IPGDriver_CameraRSI

TIME	47.769
SIM_END		SF_OpenDRIVE_IPGDriver_CameraRSI	47.766s	0.941009m
TIME	51.236
SIM_START	SF_OpenDRIVE_IPGDriver_CameraRSI	2022-11-01 17:59:11
TIME	0.068
		Ref_Origin_GCS: 37.786336	 -122.401858	 0.000000
		Ref_Origin_Fr0: -293.330000	 0.170000	 0.000000

TIME	0.000
SIMULATE	SF_OpenDRIVE_IPGDriver_CameraRSI

TIME	9.030
SIM_END		SF_OpenDRIVE_IPGDriver_CameraRSI	9.027s	0.855355m
SHUTDOWN	CarMaker quick shutdown initiated

