APPLICATION	Car_Generic <insert.your.version.no> #618 (linux64-11.0)
COMPILED	yil@ipgcn1 2023-06-29 18:13:26
 
FIRST_INIT	(internal default used)	2023-06-30 10:38:18
TIME	0.000
WARNING		RSDS: unable to connect (returns -2, Connection refused)
SIM_END			0s	0m
IDLE	10:38:18
		A2:ipgcn1.1 registered
SIM_START	SF_OpenDRIVE_IPGDriver_CameraRSI	2023-06-30 10:38:19
TIME	0.075
		Ref_Origin_GCS: 37.786336	 -122.401858	 0.000000
		Ref_Origin_Fr0: -293.330000	 0.170000	 0.000000

TIME	0.000
SIMULATE	SF_OpenDRIVE_IPGDriver_CameraRSI

TIME	42.235
SIM_END		SF_OpenDRIVE_IPGDriver_CameraRSI	42.225s	23.4174m
SIM_START	SF_OpenDRIVE_IPGDriver_CameraRSI	2023-06-30 10:39:33
TIME	0.068
		Ref_Origin_GCS: 37.786336	 -122.401858	 0.000000
		Ref_Origin_Fr0: -293.330000	 0.170000	 0.000000

TIME	0.000
SIMULATE	SF_OpenDRIVE_IPGDriver_CameraRSI

TIME	103.966
SIM_END		SF_OpenDRIVE_IPGDriver_CameraRSI	103.949s	59.786m
SIM_START	SF_OpenDRIVE_IPGDriver_CameraRSI	2023-06-30 10:42:39
TIME	0.096
		Ref_Origin_GCS: 37.786336	 -122.401858	 0.000000
		Ref_Origin_Fr0: -293.330000	 0.170000	 0.000000

TIME	0.000
SIMULATE	SF_OpenDRIVE_IPGDriver_CameraRSI

