APPLICATION	Car_Generic <insert.your.version.no> #465 (linux64-11.0)
COMPILED	yil@ipgcn1 2022-08-31 17:54:59
 
FIRST_INIT	(internal default used)	2022-08-31 18:03:01
TIME	0.000
SIM_END			0s	0m
IDLE	18:03:01
		A2:ipgcn1.1 registered
SIM_START	SF_OpenDRIVE_IPGDriver_LIDARRSI	2022-08-31 18:03:03
TIME	0.087
		Ref_Origin_GCS: 37.786336	 -122.401858	 0.000000
		Ref_Origin_Fr0: -293.330000	 0.170000	 0.000000

		Current random seed value = 1661940183
TIME	0.000
SIMULATE	SF_OpenDRIVE_IPGDriver_LIDARRSI

TIME	18.141
SIM_END		SF_OpenDRIVE_IPGDriver_LIDARRSI	18.138s	0.896168m
SIM_START	SF_OpenDRIVE_IPGDriver_LIDARRSI	2022-08-31 18:03:31
TIME	0.068
		Ref_Origin_GCS: 37.786336	 -122.401858	 0.000000
		Ref_Origin_Fr0: -293.330000	 0.170000	 0.000000

		Current random seed value = 1661940211
TIME	0.000
SIMULATE	SF_OpenDRIVE_IPGDriver_LIDARRSI

TIME	4.766
SIM_END		SF_OpenDRIVE_IPGDriver_LIDARRSI	4.761s	0.852873m
SHUTDOWN	CarMaker quick shutdown initiated

